2026-03-25 07:47:54  INFO      main  ============================================================
2026-03-25 07:47:54  INFO      main  Residential Units ETL — starting
2026-03-25 07:47:54  INFO      main  ============================================================
2026-03-25 07:47:54  INFO      main  Skipping Step 1 (--skip-s01)
2026-03-25 07:47:54  INFO      s02_load_csv  === Step 2: Load CSV and build csv_lookup ===
2026-03-25 07:47:54  INFO      s02_load_csv  CSV: 42418 parcels, 14 year columns (2012, 2013, 2014, 2015, 2016, 2017, 2018, 2019, 2020, 2021, 2022, 2023, 2024, 2025)
2026-03-25 07:47:55  INFO      s02_load_csv  Long format: 593852 rows  (2012–2025)
2026-03-25 07:47:55  INFO      s02_load_csv  Building El Dorado APN sets from output FC ...
2026-03-25 07:48:05  INFO      s02_load_csv    EL 2-digit APNs in FC : 30413
2026-03-25 07:48:05  INFO      s02_load_csv    EL 3-digit APNs in FC : 30267
2026-03-25 07:48:05  INFO      s02_load_csv    APNs to pad   (Year>=2018): 19410
2026-03-25 07:48:05  INFO      s02_load_csv    APNs to depad (Year< 2018): 595
2026-03-25 07:48:09  INFO      s02_load_csv    CSV rows APN-fixed: 158850
2026-03-25 07:48:09  INFO      s02b_genealogy  === Step 2b: Apply genealogy APN corrections ===
2026-03-25 07:48:09  INFO      s02b_genealogy  Manual master CSV: 1253 apply-ready rows (is_primary=1, change_year set)
2026-03-25 07:48:09  WARNING   s02b_genealogy    163 primary rows have no change_year — skipped. Fill in change_year to include them.
2026-03-25 07:48:09  INFO      s02b_genealogy  Spatial genealogy CSV: 711 apply-ready rows (is_primary=1, change_year set)
2026-03-25 07:48:10  DEBUG     s02b_genealogy    Conflict skip: 130-312-04 → 130-312-30 already in df for years [2017, 2018, 2019, 2020, 2021, 2022, 2023, 2024, 2025]
2026-03-25 07:48:10  DEBUG     s02b_genealogy    Conflict skip: 130-312-27 → 130-312-30 already in df for years [2017, 2018, 2019, 2020, 2021, 2022, 2023, 2024, 2025]
2026-03-25 07:48:11  DEBUG     s02b_genealogy    Conflict skip: 130-241-46 → 130-241-65 already in df for years [2023, 2024, 2025]
2026-03-25 07:48:11  DEBUG     s02b_genealogy    Conflict skip: 1418-27-210-029 → 1418-27-210-036 already in df for years [2017, 2018, 2019, 2020, 2021, 2022, 2023, 2024, 2025]
2026-03-25 07:48:12  DEBUG     s02b_genealogy    Conflict skip: 130-241-45 → 130-241-65 already in df for years [2023, 2024, 2025]
2026-03-25 07:48:13  DEBUG     s02b_genealogy    Conflict skip: 084-110-011 → 084-110-026 already in df for years [2017, 2018, 2019, 2020, 2021, 2022, 2023, 2024, 2025]
2026-03-25 07:48:14  DEBUG     s02b_genealogy    Conflict skip: 036-350-08 → 036-530-28 already in df for years [2015, 2016, 2017]
2026-03-25 07:48:14  DEBUG     s02b_genealogy    Conflict skip: 098-210-031 → 098-360-001 already in df for years [2018, 2019, 2020, 2021, 2022, 2023, 2024, 2025]
2026-03-25 07:48:14  DEBUG     s02b_genealogy    Conflict skip: 098-210-030 → 098-360-001 already in df for years [2018, 2019, 2020, 2021, 2022, 2023, 2024, 2025]
2026-03-25 07:48:15  DEBUG     s02b_genealogy    Conflict skip: 123-032-11 → 123-032-26 already in df for years [2017, 2018, 2019, 2020, 2021, 2022, 2023, 2024, 2025]
2026-03-25 07:48:19  DEBUG     s02b_genealogy    Conflict skip: 117-100-004 → 117-100-088 already in df for years [2019, 2020, 2021, 2022, 2023, 2024, 2025]
2026-03-25 07:48:19  DEBUG     s02b_genealogy    Conflict skip: 1318-09-810-035 → 1318-09-810-115 already in df for years [2016, 2017, 2018, 2019, 2020, 2021, 2022, 2023, 2024, 2025]
2026-03-25 07:48:20  DEBUG     s02b_genealogy    Conflict skip: 123-032-01 → 123-032-18 already in df for years [2012, 2013, 2014, 2015, 2016, 2017, 2018, 2019, 2020, 2021, 2022, 2023, 2024, 2025]
2026-03-25 07:48:20  DEBUG     s02b_genealogy    Conflict skip: 027-323-10 → 027-323-19 already in df for years [2014, 2015, 2016, 2017]
2026-03-25 07:48:23  DEBUG     s02b_genealogy    Conflict skip: 097-122-002 → 097-122-028 already in df for years [2012, 2013, 2014, 2015, 2016, 2017, 2018, 2019, 2020, 2021, 2022, 2023]
2026-03-25 07:48:23  DEBUG     s02b_genealogy    Conflict skip: 097-122-015 → 097-122-028 already in df for years [2012, 2013, 2014, 2015, 2016, 2017, 2018, 2019, 2020, 2021, 2022, 2023, 2024, 2025]
2026-03-25 07:48:26  DEBUG     s02b_genealogy    Conflict skip: 090-191-022 → 090-191-053 already in df for years [2024, 2025]
2026-03-25 07:48:27  DEBUG     s02b_genealogy    Conflict skip: 017-021-18 → 017-021-33 already in df for years [2017]
2026-03-25 07:48:28  DEBUG     s02b_genealogy    Conflict skip: 027-313-02 → 027-313-16 already in df for years [2017]
2026-03-25 07:48:30  DEBUG     s02b_genealogy    Conflict skip: 1318-10-310-033 → 1318-10-310-078 already in df for years [2017, 2018, 2019, 2020, 2021, 2022, 2023, 2024, 2025]
2026-03-25 07:48:30  DEBUG     s02b_genealogy    Conflict skip: 122-530-26 → 122-530-38 already in df for years [2021, 2022, 2023, 2024, 2025]
2026-03-25 07:48:41  DEBUG     s02b_genealogy    Conflict skip: 117-110-008 → 117-110-072 already in df for years [2017, 2018, 2019, 2020, 2021, 2022, 2023, 2024, 2025]
2026-03-25 07:48:44  DEBUG     s02b_genealogy    Conflict skip: 015-304-31 → 015-304-33 already in df for years [2015, 2016, 2017]
2026-03-25 07:48:45  INFO      s02b_genealogy  Manual:  63 APN substitutions  /  2027 unit-years remapped
2026-03-25 07:48:46  DEBUG     s02b_genealogy    Conflict skip: 097-130-042 → 097-130-029 already in df for years [2013, 2014, 2015, 2016, 2017, 2018, 2019, 2020, 2021, 2022, 2023, 2024, 2025]
2026-03-25 07:48:46  DEBUG     s02b_genealogy    Conflict skip: 036-530-28 → 036-350-08 already in df for years [2013, 2014, 2015, 2016, 2017]
2026-03-25 07:48:46  DEBUG     s02b_genealogy    Conflict skip: 097-130-039 → 097-130-028 already in df for years [2013, 2014, 2015, 2016, 2017, 2018, 2019, 2020, 2021, 2022, 2023, 2024, 2025]
2026-03-25 07:48:47  DEBUG     s02b_genealogy    Conflict skip: 1319-30-610-004 → 1319-30-610-002 already in df for years [2013, 2014, 2015, 2016, 2017, 2018, 2019, 2020, 2021, 2022, 2023, 2024, 2025]
2026-03-25 07:48:48  DEBUG     s02b_genealogy    Conflict skip: 015-304-33 → 015-304-31 already in df for years [2013, 2014, 2015, 2016, 2017]
2026-03-25 07:48:48  DEBUG     s02b_genealogy    Conflict skip: 027-323-19 → 027-323-10 already in df for years [2013, 2014, 2015, 2016, 2017]
2026-03-25 07:48:49  DEBUG     s02b_genealogy    Conflict skip: 117-090-080 → 117-090-011 already in df for years [2013, 2014, 2015, 2016, 2017, 2018, 2019, 2020, 2021, 2022, 2023, 2024, 2025]
2026-03-25 07:48:50  DEBUG     s02b_genealogy    Conflict skip: 094-171-011 → 094-171-007 already in df for years [2013, 2014, 2015, 2016, 2017, 2018, 2019, 2020, 2021, 2022, 2023, 2024, 2025]
2026-03-25 07:48:50  DEBUG     s02b_genealogy    Conflict skip: 117-020-025 → 117-020-009 already in df for years [2013, 2014, 2015, 2016, 2017, 2018, 2019, 2020, 2021, 2022, 2023, 2024, 2025]
2026-03-25 07:48:51  DEBUG     s02b_genealogy    Conflict skip: 083-202-016 → 083-202-006 already in df for years [2013, 2014, 2015, 2016, 2017, 2018, 2019, 2020, 2021, 2022, 2023, 2024, 2025]
2026-03-25 07:48:51  DEBUG     s02b_genealogy    Conflict skip: 097-130-041 → 097-130-029 already in df for years [2013, 2014, 2015, 2016, 2017, 2018, 2019, 2020, 2021, 2022, 2023, 2024, 2025]
2026-03-25 07:48:51  DEBUG     s02b_genealogy    Conflict skip: 017-021-32 → 017-021-15 already in df for years [2013, 2014, 2015, 2016, 2017]
2026-03-25 07:48:51  DEBUG     s02b_genealogy    Conflict skip: 016-211-17 → 016-211-14 already in df for years [2013, 2014, 2015, 2016, 2017]
2026-03-25 07:48:52  DEBUG     s02b_genealogy    Conflict skip: 029-630-18 → 029-095-06 already in df for years [2013, 2014, 2015, 2016, 2017]
2026-03-25 07:48:52  DEBUG     s02b_genealogy    Conflict skip: 029-630-10 → 029-095-06 already in df for years [2013, 2014, 2015, 2016, 2017]
2026-03-25 07:48:52  DEBUG     s02b_genealogy    Conflict skip: 029-630-26 → 029-095-06 already in df for years [2013, 2014, 2015, 2016, 2017]
2026-03-25 07:48:52  DEBUG     s02b_genealogy    Conflict skip: 029-630-09 → 029-095-06 already in df for years [2013, 2014, 2015, 2016, 2017]
2026-03-25 07:48:52  DEBUG     s02b_genealogy    Conflict skip: 029-630-07 → 029-095-06 already in df for years [2013, 2014, 2015, 2016, 2017]
2026-03-25 07:48:52  DEBUG     s02b_genealogy    Conflict skip: 029-630-02 → 029-095-06 already in df for years [2013, 2014, 2015, 2016, 2017]
2026-03-25 07:48:52  DEBUG     s02b_genealogy    Conflict skip: 029-630-03 → 029-095-06 already in df for years [2013, 2014, 2015, 2016, 2017]
2026-03-25 07:48:52  DEBUG     s02b_genealogy    Conflict skip: 029-630-21 → 029-095-06 already in df for years [2013, 2014, 2015, 2016, 2017]
2026-03-25 07:48:52  DEBUG     s02b_genealogy    Conflict skip: 029-630-12 → 029-095-06 already in df for years [2013, 2014, 2015, 2016, 2017]
2026-03-25 07:48:52  DEBUG     s02b_genealogy    Conflict skip: 029-630-05 → 029-095-06 already in df for years [2013, 2014, 2015, 2016, 2017]
2026-03-25 07:48:52  DEBUG     s02b_genealogy    Conflict skip: 029-630-23 → 029-095-06 already in df for years [2013, 2014, 2015, 2016, 2017]
2026-03-25 07:48:52  DEBUG     s02b_genealogy    Conflict skip: 029-630-20 → 029-095-06 already in df for years [2013, 2014, 2015, 2016, 2017]
2026-03-25 07:48:53  DEBUG     s02b_genealogy    Conflict skip: 029-630-01 → 029-095-06 already in df for years [2013, 2014, 2015, 2016, 2017]
2026-03-25 07:48:53  DEBUG     s02b_genealogy    Conflict skip: 029-630-28 → 029-095-06 already in df for years [2013, 2014, 2015, 2016, 2017]
2026-03-25 07:48:53  DEBUG     s02b_genealogy    Conflict skip: 029-630-27 → 029-095-06 already in df for years [2013, 2014, 2015, 2016, 2017]
2026-03-25 07:48:53  DEBUG     s02b_genealogy    Conflict skip: 029-630-22 → 029-095-06 already in df for years [2013, 2014, 2015, 2016, 2017]
2026-03-25 07:48:53  DEBUG     s02b_genealogy    Conflict skip: 029-630-25 → 029-095-06 already in df for years [2013, 2014, 2015, 2016, 2017]
2026-03-25 07:48:53  DEBUG     s02b_genealogy    Conflict skip: 029-630-04 → 029-095-06 already in df for years [2013, 2014, 2015, 2016, 2017]
2026-03-25 07:48:53  DEBUG     s02b_genealogy    Conflict skip: 029-630-19 → 029-095-06 already in df for years [2013, 2014, 2015, 2016, 2017]
2026-03-25 07:48:53  DEBUG     s02b_genealogy    Conflict skip: 029-630-17 → 029-095-06 already in df for years [2013, 2014, 2015, 2016, 2017]
2026-03-25 07:48:53  DEBUG     s02b_genealogy    Conflict skip: 029-630-13 → 029-095-06 already in df for years [2013, 2014, 2015, 2016, 2017]
2026-03-25 07:48:53  DEBUG     s02b_genealogy    Conflict skip: 029-630-06 → 029-095-06 already in df for years [2013, 2014, 2015, 2016, 2017]
2026-03-25 07:48:53  DEBUG     s02b_genealogy    Conflict skip: 029-630-15 → 029-095-06 already in df for years [2013, 2014, 2015, 2016, 2017]
2026-03-25 07:48:53  DEBUG     s02b_genealogy    Conflict skip: 029-630-24 → 029-095-06 already in df for years [2013, 2014, 2015, 2016, 2017]
2026-03-25 07:48:53  DEBUG     s02b_genealogy    Conflict skip: 029-630-08 → 029-095-06 already in df for years [2013, 2014, 2015, 2016, 2017]
2026-03-25 07:48:53  DEBUG     s02b_genealogy    Conflict skip: 1319-30-610-002 → 1319-30-610-004 already in df for years [2014, 2015, 2016, 2017, 2018, 2019, 2020, 2021, 2022, 2023, 2024, 2025]
2026-03-25 07:48:55  DEBUG     s02b_genealogy    Conflict skip: 016-211-14 → 016-211-17 already in df for years [2014, 2015, 2016, 2017]
2026-03-25 07:48:55  DEBUG     s02b_genealogy    Conflict skip: 036-543-11 → 036-472-09 already in df for years [2014, 2015, 2016, 2017]
2026-03-25 07:48:57  DEBUG     s02b_genealogy    Conflict skip: 117-020-009 → 117-020-025 already in df for years [2015, 2016, 2017, 2018, 2019, 2020, 2021, 2022, 2023, 2024, 2025]
2026-03-25 07:48:58  DEBUG     s02b_genealogy    Conflict skip: 117-090-011 → 117-090-080 already in df for years [2015, 2016, 2017, 2018, 2019, 2020, 2021, 2022, 2023, 2024, 2025]
2026-03-25 07:48:59  DEBUG     s02b_genealogy    Conflict skip: 123-032-27 → 123-032-29 already in df for years [2019, 2020, 2021, 2022, 2023, 2024, 2025]
2026-03-25 07:48:59  DEBUG     s02b_genealogy    Conflict skip: 1318-09-810-103 → 1318-09-810-117 already in df for years [2019, 2020, 2021, 2022, 2023, 2024, 2025]
2026-03-25 07:48:59  DEBUG     s02b_genealogy    Conflict skip: 026-122-033 → 026-122-036 already in df for years [2019, 2020, 2021, 2022, 2023, 2024, 2025]
2026-03-25 07:48:59  DEBUG     s02b_genealogy    Conflict skip: 117-100-014 → 117-100-089 already in df for years [2021, 2022, 2023, 2024, 2025]
2026-03-25 07:48:59  DEBUG     s02b_genealogy    Conflict skip: 083-062-038 → 083-062-051 already in df for years [2021, 2022, 2023, 2024, 2025]
2026-03-25 07:49:00  DEBUG     s02b_genealogy    Conflict skip: 083-063-007 → 083-063-023 already in df for years [2021, 2022, 2023, 2024, 2025]
2026-03-25 07:49:00  DEBUG     s02b_genealogy    Conflict skip: 117-100-015 → 117-100-089 already in df for years [2021, 2022, 2023, 2024, 2025]
2026-03-25 07:49:00  DEBUG     s02b_genealogy    Conflict skip: 1318-15-410-006 → 1318-15-410-021 already in df for years [2021, 2022, 2023, 2024, 2025]
2026-03-25 07:49:00  DEBUG     s02b_genealogy    Conflict skip: 1318-15-410-005 → 1318-15-410-021 already in df for years [2021, 2022, 2023, 2024, 2025]
2026-03-25 07:49:01  DEBUG     s02b_genealogy    Conflict skip: 090-074-012 → 090-074-028 already in df for years [2022, 2023, 2024, 2025]
2026-03-25 07:49:01  DEBUG     s02b_genealogy    Conflict skip: 1319-19-411-024 → 1319-19-411-030 already in df for years [2022, 2023, 2024, 2025]
2026-03-25 07:49:01  DEBUG     s02b_genealogy    Conflict skip: 090-030-035 → 090-173-016 already in df for years [2022, 2023, 2024, 2025]
2026-03-25 07:49:01  DEBUG     s02b_genealogy    Conflict skip: 098-167-006 → 098-167-019 already in df for years [2022, 2023, 2024, 2025]
2026-03-25 07:49:02  DEBUG     s02b_genealogy    Conflict skip: 092-100-016 → 092-100-030 already in df for years [2023, 2024, 2025]
2026-03-25 07:49:04  DEBUG     s02b_genealogy    Conflict skip: 027-143-013 → 027-143-027 already in df for years [2023, 2024, 2025]
2026-03-25 07:49:04  INFO      s02b_genealogy  Spatial: 210 APN substitutions  /  3951 unit-years remapped
2026-03-25 07:49:04  INFO      s02b_genealogy  Total:   273 APN substitutions  /  5978 unit-years remapped
2026-03-25 07:49:06  DEBUG     utils.df_to_gdb_table  Deleted existing table: C:\GIS\ParcelHistory.gdb\QA_Genealogy_Applied
2026-03-25 07:49:08  INFO      utils.df_to_gdb_table  Wrote 273 rows → C:\GIS\ParcelHistory.gdb\QA_Genealogy_Applied
2026-03-25 07:49:08  INFO      s02b_genealogy  Written → C:\GIS\ParcelHistory.gdb\QA_Genealogy_Applied
2026-03-25 07:49:08  INFO      s02b_genealogy  Step 2b complete.
2026-03-25 07:49:09  INFO      s02_load_csv  csv_lookup entries: 593712
2026-03-25 07:49:09  INFO      s02_load_csv  Step 2 complete.
2026-03-25 07:49:09  INFO      s03_crosswalk  === Step 3: Build APN crosswalk ===
2026-03-25 07:49:13  INFO      s03_crosswalk  CSV APN x Year combos   : 593712
2026-03-25 07:49:13  INFO      s03_crosswalk  FC  APN x Year combos   : 855301
2026-03-25 07:49:13  INFO      s03_crosswalk  Missing combos          : 5293  (832 unique APNs)
2026-03-25 07:49:13  INFO      s03_crosswalk  Fetching geometries for 832 APNs ...
2026-03-25 07:49:44  INFO      s03_crosswalk    With geometry (FC)  : 790
2026-03-25 07:49:44  INFO      s03_crosswalk    Without geometry    : 42  (not in FC any year)
2026-03-25 07:49:44  INFO      s03_crosswalk  Trying All Parcels service for 42 APNs with no FC geometry ...
2026-03-25 07:49:49  INFO      s03_crosswalk    Found in All Parcels service: 0
2026-03-25 07:49:49  INFO      s03_crosswalk    Still without geometry: 42
2026-03-25 07:49:50  INFO      s03_crosswalk  Centroid FC: 790 points
2026-03-25 07:50:01  INFO      s03_crosswalk    2012 : 456 within + 12 closest
2026-03-25 07:50:12  INFO      s03_crosswalk    2013 : 501 within + 11 closest
2026-03-25 07:50:23  INFO      s03_crosswalk    2014 : 504 within + 15 closest
2026-03-25 07:50:34  INFO      s03_crosswalk    2015 : 491 within + 13 closest
2026-03-25 07:50:45  INFO      s03_crosswalk    2016 : 484 within + 11 closest
2026-03-25 07:50:50  INFO      s03_crosswalk    2017 : 416 within + 0 closest
2026-03-25 07:50:55  INFO      s03_crosswalk    2018 : 292 within + 0 closest
2026-03-25 07:51:00  INFO      s03_crosswalk    2019 : 246 within + 0 closest
2026-03-25 07:51:05  INFO      s03_crosswalk    2020 : 248 within + 0 closest
2026-03-25 07:51:10  INFO      s03_crosswalk    2021 : 263 within + 0 closest
2026-03-25 07:51:14  INFO      s03_crosswalk    2022 : 257 within + 0 closest
2026-03-25 07:51:19  INFO      s03_crosswalk    2023 : 199 within + 0 closest
2026-03-25 07:51:24  INFO      s03_crosswalk    2024 : 219 within + 0 closest
2026-03-25 07:51:35  INFO      s03_crosswalk    2025 : 236 within + 1 closest
2026-03-25 07:51:35  INFO      s03_crosswalk  Crosswalk rows      : 4875
2026-03-25 07:51:35  INFO      s03_crosswalk  csv_lookup entries added: 1595
2026-03-25 07:51:36  DEBUG     utils.df_to_gdb_table  Deleted existing table: C:\GIS\ParcelHistory.gdb\QA_APN_Crosswalk
2026-03-25 07:51:38  INFO      utils.df_to_gdb_table  Wrote 4875 rows → C:\GIS\ParcelHistory.gdb\QA_APN_Crosswalk
2026-03-25 07:51:38  INFO      s03_crosswalk  Written → C:\GIS\ParcelHistory.gdb\QA_APN_Crosswalk
2026-03-25 07:51:38  INFO      s03_crosswalk  Step 3 complete.
2026-03-25 07:51:38  INFO      s04_update_units  === Step 4: Update Residential_Units ===
2026-03-25 07:51:39  INFO      s04_update_units  Added field FC_Native_Units
2026-03-25 07:51:39  INFO      s04_update_units  Added field Unit_Source
2026-03-25 07:52:28  INFO      s04_update_units  Rows updated        : 855301
2026-03-25 07:52:28  INFO      s04_update_units    BOTH_AGREE        : 582866
2026-03-25 07:52:28  INFO      s04_update_units    CSV (FC native=0) : 0
2026-03-25 07:52:28  INFO      s04_update_units    FC_NATIVE         : 0  ← units FC has that CSV lacks
2026-03-25 07:52:28  INFO      s04_update_units    DISAGREE          : 17  ← both sources differ, CSV used
2026-03-25 07:52:28  INFO      s04_update_units    Zeroed            : 272418
2026-03-25 07:52:28  INFO      s04_update_units  Step 4 complete.
2026-03-25 07:52:28  INFO      main  Skipping Step 5 (--skip-s05)
2026-03-25 07:52:28  INFO      s06_qa  === Step 6: QA checks ===
2026-03-25 07:52:38  INFO      s06_qa  FC rows read: 855306
2026-03-25 07:52:38  INFO      s06_qa  Check 1: Units by year ...
2026-03-25 07:52:38  INFO      s06_qa  
  Year    CSV_Total   FC_Total    Diff      Status
2026-03-25 07:52:38  INFO      s06_qa    2012    47608       47447       -161      FLAG
2026-03-25 07:52:38  INFO      s06_qa    2013    47648       47467       -181      FLAG
2026-03-25 07:52:38  INFO      s06_qa    2014    47798       47569       -229      FLAG
2026-03-25 07:52:38  INFO      s06_qa    2015    47878       47668       -210      FLAG
2026-03-25 07:52:38  INFO      s06_qa    2016    47948       47730       -218      FLAG
2026-03-25 07:52:38  INFO      s06_qa    2017    48016       47874       -142      FLAG
2026-03-25 07:52:38  INFO      s06_qa    2018    48080       47905       -175      FLAG
2026-03-25 07:52:38  INFO      s06_qa    2019    48168       47993       -175      FLAG
2026-03-25 07:52:38  INFO      s06_qa    2020    48364       48184       -180      FLAG
2026-03-25 07:52:38  INFO      s06_qa    2021    48490       48305       -185      FLAG
2026-03-25 07:52:38  INFO      s06_qa    2022    48587       48396       -191      FLAG
2026-03-25 07:52:38  INFO      s06_qa    2023    48688       48499       -189      FLAG
2026-03-25 07:52:38  INFO      s06_qa    2024    48872       48685       -187      FLAG
2026-03-25 07:52:38  INFO      s06_qa    2025    49079       48890       -189      FLAG
2026-03-25 07:52:39  DEBUG     utils.df_to_gdb_table  Deleted existing table: C:\GIS\ParcelHistory.gdb\QA_Units_By_Year
2026-03-25 07:52:40  INFO      utils.df_to_gdb_table  Wrote 14 rows → C:\GIS\ParcelHistory.gdb\QA_Units_By_Year
2026-03-25 07:52:40  INFO      s06_qa  Check 2: Lost APNs ...
2026-03-25 07:52:43  INFO      s06_qa    Lost APNs total     : 542
2026-03-25 07:52:43  INFO      s06_qa    By category:
2026-03-25 07:52:43  INFO      s06_qa      PARCEL_NEW           : 40 APNs  /  950 units
2026-03-25 07:52:43  INFO      s06_qa      PARCEL_SPLIT         : 335 APNs  /  2574 units
2026-03-25 07:52:43  INFO      s06_qa      UNKNOWN              : 167 APNs  /  1017 units
2026-03-25 07:52:43  INFO      s06_qa    Lost units by year:
2026-03-25 07:52:43  INFO      s06_qa      2012 : 180 APNs  /  205 units
2026-03-25 07:52:43  INFO      s06_qa      2013 : 216 APNs  /  228 units
2026-03-25 07:52:43  INFO      s06_qa      2014 : 227 APNs  /  284 units
2026-03-25 07:52:43  INFO      s06_qa      2015 : 218 APNs  /  297 units
2026-03-25 07:52:43  INFO      s06_qa      2016 : 241 APNs  /  322 units
2026-03-25 07:52:43  INFO      s06_qa      2017 : 174 APNs  /  271 units
2026-03-25 07:52:43  INFO      s06_qa      2018 : 196 APNs  /  308 units
2026-03-25 07:52:43  INFO      s06_qa      2019 : 206 APNs  /  318 units
2026-03-25 07:52:43  INFO      s06_qa      2020 : 210 APNs  /  327 units
2026-03-25 07:52:43  INFO      s06_qa      2021 : 230 APNs  /  349 units
2026-03-25 07:52:43  INFO      s06_qa      2022 : 236 APNs  /  355 units
2026-03-25 07:52:43  INFO      s06_qa      2023 : 233 APNs  /  353 units
2026-03-25 07:52:43  INFO      s06_qa      2024 : 252 APNs  /  370 units
2026-03-25 07:52:43  INFO      s06_qa      2025 : 269 APNs  /  554 units
2026-03-25 07:52:44  DEBUG     utils.df_to_gdb_table  Deleted existing table: C:\GIS\ParcelHistory.gdb\QA_Lost_APNs
2026-03-25 07:52:47  INFO      utils.df_to_gdb_table  Wrote 542 rows → C:\GIS\ParcelHistory.gdb\QA_Lost_APNs
2026-03-25 07:52:47  INFO      s06_qa  Check 3: Duplicate APN x Year ...
2026-03-25 07:52:47  INFO      s06_qa    Duplicate rows: 5
2026-03-25 07:52:48  DEBUG     utils.df_to_gdb_table  Deleted existing table: C:\GIS\ParcelHistory.gdb\QA_Duplicate_APN_Year
2026-03-25 07:52:49  INFO      utils.df_to_gdb_table  Wrote 5 rows → C:\GIS\ParcelHistory.gdb\QA_Duplicate_APN_Year
2026-03-25 07:52:49  INFO      s06_qa  Check 4: Spatial completeness (WITHIN_TRPA_BNDY = 1 only) ...
2026-03-25 07:52:50  INFO      s06_qa    PARCEL_ACRES                        : 0 null  (0.0%)  OK
2026-03-25 07:52:50  INFO      s06_qa    PARCEL_SQFT                         : 0 null  (0.0%)  OK
2026-03-25 07:52:50  INFO      s06_qa    WITHIN_TRPA_BNDY                    : 0 null  (0.0%)  OK
2026-03-25 07:52:50  INFO      s06_qa    WITHIN_BONUSUNIT_BNDY               : 0 null  (0.0%)  OK
2026-03-25 07:52:50  INFO      s06_qa    TOWN_CENTER                         : 801224 null  (94.9%)  FLAG
2026-03-25 07:52:50  INFO      s06_qa    LOCATION_TO_TOWNCENTER              : 602056 null  (71.3%)  FLAG
2026-03-25 07:52:50  INFO      s06_qa    TAZ                                 : 602532 null  (71.4%)  FLAG
2026-03-25 07:52:51  INFO      s06_qa    PLAN_ID                             : 602325 null  (71.4%)  FLAG
2026-03-25 07:52:51  INFO      s06_qa    PLAN_NAME                           : 602325 null  (71.4%)  FLAG
2026-03-25 07:52:51  INFO      s06_qa    ZONING_ID                           : 448295 null  (53.1%)  FLAG
2026-03-25 07:52:52  INFO      s06_qa    ZONING_DESCRIPTION                  : 448295 null  (53.1%)  FLAG
2026-03-25 07:52:52  INFO      s06_qa    REGIONAL_LANDUSE                    : 566689 null  (67.1%)  FLAG
2026-03-25 07:52:52  DEBUG     utils.df_to_gdb_table  Deleted existing table: C:\GIS\ParcelHistory.gdb\QA_Spatial_Completeness
2026-03-25 07:52:54  INFO      utils.df_to_gdb_table  Wrote 12 rows → C:\GIS\ParcelHistory.gdb\QA_Spatial_Completeness
2026-03-25 07:52:54  INFO      s06_qa  Check 5: FC units not in raw CSV (APN x Year) ...
2026-03-25 07:53:04  INFO      s06_qa    FC units with no raw CSV match : 157127 rows  (19976 unique APNs)
2026-03-25 07:53:04  INFO      s06_qa    By category:
2026-03-25 07:53:04  INFO      s06_qa      CROSSWALK_REMAP        : 931 rows  /  188 APNs  /  1479 units
2026-03-25 07:53:04  INFO      s06_qa      EL_DORADO_FORMAT       : 154943 rows  /  19416 APNs  /  188196 units
2026-03-25 07:53:04  INFO      s06_qa      GENEALOGY_REMAP        : 708 rows  /  191 APNs  /  2138 units
2026-03-25 07:53:04  INFO      s06_qa      UNKNOWN                : 545 rows  /  181 APNs  /  547 units
2026-03-25 07:53:04  DEBUG     utils.df_to_gdb_table  Deleted existing table: C:\GIS\ParcelHistory.gdb\QA_FC_Units_Not_In_CSV
2026-03-25 07:53:10  INFO      utils.df_to_gdb_table  Wrote 157127 rows → C:\GIS\ParcelHistory.gdb\QA_FC_Units_Not_In_CSV
2026-03-25 07:53:10  INFO      s06_qa    Written → C:\GIS\ParcelHistory.gdb\QA_FC_Units_Not_In_CSV
2026-03-25 07:53:10  INFO      s06_qa  Check 6: Unit reconciliation (CSV vs FC native) ...
2026-03-25 07:53:32  INFO      s06_qa    Reconciliation rows: 16
2026-03-25 07:53:32  INFO      s06_qa      DISAGREE     : 16 APN×Year pairs  /  16 total unit diff
2026-03-25 07:53:35  INFO      utils.df_to_gdb_table  Wrote 16 rows → C:\GIS\ParcelHistory.gdb\QA_Unit_Reconciliation
2026-03-25 07:53:35  INFO      s06_qa    Written → C:\GIS\ParcelHistory.gdb\QA_Unit_Reconciliation
2026-03-25 07:53:35  INFO      s06_qa    Open in ArcGIS Pro: join to OUTPUT_FC on APN + Year, filter by Category to review on map.
2026-03-25 07:53:35  INFO      s06_qa  Step 6 complete.  QA tables written to C:\GIS\ParcelHistory.gdb
2026-03-25 07:53:36  INFO      main  ============================================================
2026-03-25 07:53:36  INFO      main  ETL complete  (5m 41s)
2026-03-25 07:53:36  INFO      main  ============================================================
