2026-03-21 15:44:02  INFO      main  ============================================================
2026-03-21 15:44:02  INFO      main  Residential Units ETL — starting
2026-03-21 15:44:02  INFO      main  ============================================================
2026-03-21 15:44:02  INFO      s01_prepare_fc  === Step 1: Prepare output feature class ===
2026-03-21 15:44:02  INFO      s01_prepare_fc  Copying C:\GIS\ParcelHistory.gdb\Parcel_History_Attributed → C:\GIS\ParcelHistory.gdb\Residential_Parcels_History  WHERE YEAR IN (2012, 2013, 2014, 2015, 2016, 2017, 2018, 2019, 2020, 2021, 2022, 2023, 2024, 2025)
2026-03-21 15:44:49  INFO      s01_prepare_fc  Output FC created with 855552 rows
2026-03-21 15:44:50  INFO      s01_prepare_fc  Rows per year:
2026-03-21 15:44:50  INFO      s01_prepare_fc    2012 : 60827 rows
2026-03-21 15:44:50  INFO      s01_prepare_fc    2013 : 60865 rows
2026-03-21 15:44:50  INFO      s01_prepare_fc    2014 : 60862 rows
2026-03-21 15:44:50  INFO      s01_prepare_fc    2015 : 60822 rows
2026-03-21 15:44:50  INFO      s01_prepare_fc    2016 : 60865 rows
2026-03-21 15:44:50  INFO      s01_prepare_fc    2017 : 60881 rows
2026-03-21 15:44:50  INFO      s01_prepare_fc    2018 : 61458 rows
2026-03-21 15:44:50  INFO      s01_prepare_fc    2019 : 61324 rows
2026-03-21 15:44:50  INFO      s01_prepare_fc    2020 : 61313 rows
2026-03-21 15:44:50  INFO      s01_prepare_fc    2021 : 61269 rows
2026-03-21 15:44:50  INFO      s01_prepare_fc    2022 : 61263 rows
2026-03-21 15:44:50  INFO      s01_prepare_fc    2023 : 61262 rows
2026-03-21 15:44:50  INFO      s01_prepare_fc    2024 : 61270 rows
2026-03-21 15:44:50  INFO      s01_prepare_fc    2025 : 61271 rows
2026-03-21 15:44:50  INFO      s01_prepare_fc  Step 1 complete.
2026-03-21 15:44:50  INFO      s02_load_csv  === Step 2: Load CSV and build csv_lookup ===
2026-03-21 15:44:50  INFO      s02_load_csv  CSV: 42163 parcels, 14 year columns (2012, 2013, 2014, 2015, 2016, 2017, 2018, 2019, 2020, 2021, 2022, 2023, 2024, 2025)
2026-03-21 15:44:51  INFO      s02_load_csv  Long format: 590282 rows  (2012–2025)
2026-03-21 15:44:51  INFO      s02_load_csv  Building El Dorado APN sets from output FC ...
2026-03-21 15:44:52  INFO      s02_load_csv    EL 2-digit APNs in FC : 30414
2026-03-21 15:44:52  INFO      s02_load_csv    EL 3-digit APNs in FC : 30267
2026-03-21 15:44:52  INFO      s02_load_csv    APNs to pad   (Year>=2018): 19381
2026-03-21 15:44:52  INFO      s02_load_csv    APNs to depad (Year< 2018): 506
2026-03-21 15:44:56  INFO      s02_load_csv    CSV rows APN-fixed: 158084
2026-03-21 15:44:57  INFO      s02_load_csv  csv_lookup entries: 590268
2026-03-21 15:44:57  INFO      s02_load_csv  Step 2 complete.
2026-03-21 15:44:57  INFO      s03_crosswalk  === Step 3: Build APN crosswalk ===
2026-03-21 15:44:58  INFO      s03_crosswalk  CSV APN x Year combos   : 590268
2026-03-21 15:44:58  INFO      s03_crosswalk  FC  APN x Year combos   : 855552
2026-03-21 15:44:58  INFO      s03_crosswalk  Missing combos          : 4876  (843 unique APNs)
2026-03-21 15:44:58  INFO      s03_crosswalk  Fetching geometries for 843 APNs ...
2026-03-21 15:47:08  INFO      main  ============================================================
2026-03-21 15:47:08  INFO      main  Residential Units ETL — starting
2026-03-21 15:47:08  INFO      main  ============================================================
2026-03-21 15:47:08  INFO      main  Skipping Step 1 (--skip-s01)
2026-03-21 15:47:08  INFO      s02_load_csv  === Step 2: Load CSV and build csv_lookup ===
2026-03-21 15:47:08  INFO      s02_load_csv  CSV: 42163 parcels, 14 year columns (2012, 2013, 2014, 2015, 2016, 2017, 2018, 2019, 2020, 2021, 2022, 2023, 2024, 2025)
2026-03-21 15:47:09  INFO      s02_load_csv  Long format: 590282 rows  (2012–2025)
2026-03-21 15:47:09  INFO      s02_load_csv  Building El Dorado APN sets from output FC ...
2026-03-21 15:47:11  INFO      s02_load_csv    EL 2-digit APNs in FC : 30414
2026-03-21 15:47:11  INFO      s02_load_csv    EL 3-digit APNs in FC : 30267
2026-03-21 15:47:11  INFO      s02_load_csv    APNs to pad   (Year>=2018): 19381
2026-03-21 15:47:11  INFO      s02_load_csv    APNs to depad (Year< 2018): 506
2026-03-21 15:47:15  INFO      s02_load_csv    CSV rows APN-fixed: 158084
2026-03-21 15:47:15  INFO      s02_load_csv  csv_lookup entries: 590268
2026-03-21 15:47:15  INFO      s02_load_csv  Step 2 complete.
2026-03-21 15:47:15  INFO      s03_crosswalk  === Step 3: Build APN crosswalk ===
2026-03-21 15:47:17  INFO      s03_crosswalk  CSV APN x Year combos   : 590268
2026-03-21 15:47:17  INFO      s03_crosswalk  FC  APN x Year combos   : 855552
2026-03-21 15:47:17  INFO      s03_crosswalk  Missing combos          : 4876  (843 unique APNs)
2026-03-21 15:47:17  INFO      s03_crosswalk  Fetching geometries for 843 APNs ...
2026-03-21 15:47:41  INFO      s03_crosswalk    With geometry   : 829
2026-03-21 15:47:41  INFO      s03_crosswalk    Without geometry: 14  (not in FC any year)
2026-03-21 15:47:42  INFO      s03_crosswalk  Centroid FC: 829 points
2026-03-21 15:47:47  INFO      s03_crosswalk    2012 : 370 within + 12 closest
2026-03-21 15:47:52  INFO      s03_crosswalk    2013 : 471 within + 11 closest
2026-03-21 15:47:57  INFO      s03_crosswalk    2014 : 411 within + 14 closest
2026-03-21 15:48:01  INFO      s03_crosswalk    2015 : 370 within + 13 closest
2026-03-21 15:48:06  INFO      s03_crosswalk    2016 : 370 within + 11 closest
2026-03-21 15:48:08  INFO      s03_crosswalk    2017 : 368 within + 0 closest
2026-03-21 15:48:09  INFO      s03_crosswalk    2018 : 279 within + 0 closest
2026-03-21 15:48:12  INFO      s03_crosswalk    2019 : 244 within + 0 closest
2026-03-21 15:48:14  INFO      s03_crosswalk    2020 : 246 within + 0 closest
2026-03-21 15:48:16  INFO      s03_crosswalk    2021 : 297 within + 0 closest
2026-03-21 15:48:17  INFO      s03_crosswalk    2022 : 302 within + 0 closest
2026-03-21 15:48:19  INFO      s03_crosswalk    2023 : 275 within + 0 closest
2026-03-21 15:48:21  INFO      s03_crosswalk    2024 : 302 within + 0 closest
2026-03-21 15:48:26  INFO      s03_crosswalk    2025 : 319 within + 1 closest
2026-03-21 15:48:26  INFO      s03_crosswalk  Crosswalk rows      : 4686
2026-03-21 15:48:26  INFO      s03_crosswalk  csv_lookup entries added: 2234
2026-03-21 15:48:29  INFO      utils.df_to_gdb_table  Wrote 4686 rows → C:\GIS\ParcelHistory.gdb\QA_APN_Crosswalk
2026-03-21 15:48:29  INFO      s03_crosswalk  Written → C:\GIS\ParcelHistory.gdb\QA_APN_Crosswalk
2026-03-21 15:48:29  INFO      s03_crosswalk  Step 3 complete.
2026-03-21 15:48:29  INFO      s04_update_units  === Step 4: Update Residential_Units ===
2026-03-21 15:48:49  INFO      s04_update_units  Rows updated        : 855552
2026-03-21 15:48:49  INFO      s04_update_units    Matched to CSV    : 587626
2026-03-21 15:48:49  INFO      s04_update_units    Defaulted to 0    : 267926
2026-03-21 15:48:49  INFO      s04_update_units  Step 4 complete.
2026-03-21 15:48:49  INFO      s05_spatial_attrs  === Step 5: Spatial attribute updates ===
2026-03-21 15:48:50  INFO      s05_spatial_attrs  Rows in scope: 855552
2026-03-21 15:48:50  INFO      s05_spatial_attrs  Calculating PARCEL_ACRES / PARCEL_SQFT ...
2026-03-21 15:50:00  INFO      s05_spatial_attrs    855462 rows updated
2026-03-21 15:50:00  INFO      s05_spatial_attrs  Flagging WITHIN_TRPA_BNDY ...
2026-03-21 15:50:42  INFO      s05_spatial_attrs    WITHIN_TRPA_BNDY = 1 : 844347 rows
2026-03-21 15:50:42  INFO      s05_spatial_attrs  Flagging WITHIN_BONUSUNIT_BNDY ...
2026-03-21 15:51:27  INFO      s05_spatial_attrs    WITHIN_BONUSUNIT_BNDY = 1 : 547368 rows
2026-03-21 15:51:27  INFO      s05_spatial_attrs  Building centroid points ...
2026-03-21 15:51:50  INFO      s05_spatial_attrs    855462 centroid points
2026-03-21 15:51:50  INFO      s05_spatial_attrs  Spatial join: TownCenter ...
2026-03-21 15:52:30  WARNING   s05_spatial_attrs    [TownCenter] fields not found in join output: ['NAME']
2026-03-21 15:52:31  INFO      s05_spatial_attrs    TownCenter : 0 rows updated
2026-03-21 15:52:31  INFO      s05_spatial_attrs  Spatial join: LocToTC ...
2026-03-21 15:57:51  INFO      s05_spatial_attrs    LocToTC : 855547 rows updated
2026-03-21 15:57:51  INFO      s05_spatial_attrs  Spatial join: TAZ ...
2026-03-21 18:07:13  INFO      main  ============================================================
2026-03-21 18:07:13  INFO      main  Residential Units ETL — starting
2026-03-21 18:07:13  INFO      main  ============================================================
2026-03-21 18:07:13  INFO      s01_prepare_fc  === Step 1: Prepare output feature class ===
2026-03-21 18:07:14  INFO      s01_prepare_fc  Deleting existing output FC: C:\GIS\ParcelHistory.gdb\Residential_Parcels_History
2026-03-21 18:07:15  INFO      s01_prepare_fc  Copying C:\GIS\ParcelHistory.gdb\Parcel_History_Attributed → C:\GIS\ParcelHistory.gdb\Residential_Parcels_History  WHERE YEAR IN (2012, 2013, 2014, 2015, 2016, 2017, 2018, 2019, 2020, 2021, 2022, 2023, 2024, 2025)
2026-03-21 18:08:10  INFO      s01_prepare_fc  Output FC created with 855552 rows
2026-03-21 18:08:11  INFO      s01_prepare_fc  Rows per year:
2026-03-21 18:08:11  INFO      s01_prepare_fc    2012 : 60827 rows
2026-03-21 18:08:11  INFO      s01_prepare_fc    2013 : 60865 rows
2026-03-21 18:08:11  INFO      s01_prepare_fc    2014 : 60862 rows
2026-03-21 18:08:11  INFO      s01_prepare_fc    2015 : 60822 rows
2026-03-21 18:08:11  INFO      s01_prepare_fc    2016 : 60865 rows
2026-03-21 18:08:11  INFO      s01_prepare_fc    2017 : 60881 rows
2026-03-21 18:08:11  INFO      s01_prepare_fc    2018 : 61458 rows
2026-03-21 18:08:11  INFO      s01_prepare_fc    2019 : 61324 rows
2026-03-21 18:08:11  INFO      s01_prepare_fc    2020 : 61313 rows
2026-03-21 18:08:11  INFO      s01_prepare_fc    2021 : 61269 rows
2026-03-21 18:08:11  INFO      s01_prepare_fc    2022 : 61263 rows
2026-03-21 18:08:11  INFO      s01_prepare_fc    2023 : 61262 rows
2026-03-21 18:08:11  INFO      s01_prepare_fc    2024 : 61270 rows
2026-03-21 18:08:11  INFO      s01_prepare_fc    2025 : 61271 rows
2026-03-21 18:08:11  INFO      s01_prepare_fc  Step 1 complete.
2026-03-21 18:08:11  INFO      s02_load_csv  === Step 2: Load CSV and build csv_lookup ===
2026-03-21 18:08:11  INFO      s02_load_csv  CSV: 42163 parcels, 14 year columns (2012, 2013, 2014, 2015, 2016, 2017, 2018, 2019, 2020, 2021, 2022, 2023, 2024, 2025)
2026-03-21 18:08:12  INFO      s02_load_csv  Long format: 590282 rows  (2012–2025)
2026-03-21 18:08:12  INFO      s02_load_csv  Building El Dorado APN sets from output FC ...
2026-03-21 18:08:14  INFO      s02_load_csv    EL 2-digit APNs in FC : 30414
2026-03-21 18:08:14  INFO      s02_load_csv    EL 3-digit APNs in FC : 30267
2026-03-21 18:08:14  INFO      s02_load_csv    APNs to pad   (Year>=2018): 19381
2026-03-21 18:08:14  INFO      s02_load_csv    APNs to depad (Year< 2018): 506
2026-03-21 18:08:19  INFO      s02_load_csv    CSV rows APN-fixed: 158084
2026-03-21 18:08:19  INFO      s02_load_csv  csv_lookup entries: 590268
2026-03-21 18:08:19  INFO      s02_load_csv  Step 2 complete.
2026-03-21 18:08:19  INFO      s03_crosswalk  === Step 3: Build APN crosswalk ===
2026-03-21 18:08:21  INFO      s03_crosswalk  CSV APN x Year combos   : 590268
2026-03-21 18:08:21  INFO      s03_crosswalk  FC  APN x Year combos   : 855552
2026-03-21 18:08:21  INFO      s03_crosswalk  Missing combos          : 4876  (843 unique APNs)
2026-03-21 18:08:21  INFO      s03_crosswalk  Fetching geometries for 843 APNs ...
2026-03-21 18:08:51  INFO      s03_crosswalk    With geometry   : 829
2026-03-21 18:08:51  INFO      s03_crosswalk    Without geometry: 14  (not in FC any year)
2026-03-21 18:08:52  INFO      s03_crosswalk  Centroid FC: 829 points
2026-03-21 18:08:57  INFO      s03_crosswalk    2012 : 370 within + 12 closest
2026-03-21 18:09:03  INFO      s03_crosswalk    2013 : 471 within + 11 closest
2026-03-21 18:09:08  INFO      s03_crosswalk    2014 : 411 within + 14 closest
2026-03-21 18:09:13  INFO      s03_crosswalk    2015 : 370 within + 13 closest
2026-03-21 18:09:19  INFO      s03_crosswalk    2016 : 370 within + 11 closest
2026-03-21 18:09:21  INFO      s03_crosswalk    2017 : 368 within + 0 closest
2026-03-21 18:09:23  INFO      s03_crosswalk    2018 : 279 within + 0 closest
2026-03-21 18:09:25  INFO      s03_crosswalk    2019 : 244 within + 0 closest
2026-03-21 18:09:28  INFO      s03_crosswalk    2020 : 246 within + 0 closest
2026-03-21 18:09:30  INFO      s03_crosswalk    2021 : 297 within + 0 closest
2026-03-21 18:09:32  INFO      s03_crosswalk    2022 : 302 within + 0 closest
2026-03-21 18:09:34  INFO      s03_crosswalk    2023 : 275 within + 0 closest
2026-03-21 18:09:36  INFO      s03_crosswalk    2024 : 302 within + 0 closest
2026-03-21 18:09:41  INFO      s03_crosswalk    2025 : 319 within + 1 closest
2026-03-21 18:09:42  INFO      s03_crosswalk  Crosswalk rows      : 4686
2026-03-21 18:09:42  INFO      s03_crosswalk  csv_lookup entries added: 2234
2026-03-21 18:09:42  DEBUG     utils.df_to_gdb_table  Deleted existing table: C:\GIS\ParcelHistory.gdb\QA_APN_Crosswalk
2026-03-21 18:09:46  INFO      utils.df_to_gdb_table  Wrote 4686 rows → C:\GIS\ParcelHistory.gdb\QA_APN_Crosswalk
2026-03-21 18:09:46  INFO      s03_crosswalk  Written → C:\GIS\ParcelHistory.gdb\QA_APN_Crosswalk
2026-03-21 18:09:46  INFO      s03_crosswalk  Step 3 complete.
2026-03-21 18:09:46  INFO      s04_update_units  === Step 4: Update Residential_Units ===
2026-03-21 18:10:11  INFO      s04_update_units  Rows updated        : 855552
2026-03-21 18:10:11  INFO      s04_update_units    Matched to CSV    : 587626
2026-03-21 18:10:11  INFO      s04_update_units    Defaulted to 0    : 267926
2026-03-21 18:10:11  INFO      s04_update_units  Step 4 complete.
2026-03-21 18:10:11  INFO      s05_spatial_attrs  === Step 5: Spatial attribute updates ===
2026-03-21 18:10:12  INFO      s05_spatial_attrs  Rows in scope: 855552
2026-03-21 18:10:12  INFO      s05_spatial_attrs  Calculating PARCEL_ACRES / PARCEL_SQFT ...
2026-03-21 18:11:37  INFO      s05_spatial_attrs    855462 rows updated
2026-03-21 18:11:37  INFO      s05_spatial_attrs  Flagging WITHIN_TRPA_BNDY ...
2026-03-21 18:12:29  INFO      s05_spatial_attrs    WITHIN_TRPA_BNDY = 1 : 844347 rows
2026-03-21 18:12:29  INFO      s05_spatial_attrs  Flagging WITHIN_BONUSUNIT_BNDY ...
2026-03-21 18:13:22  INFO      s05_spatial_attrs    WITHIN_BONUSUNIT_BNDY = 1 : 547368 rows
2026-03-21 18:13:22  INFO      s05_spatial_attrs  Building centroid points ...
2026-03-21 18:13:48  INFO      s05_spatial_attrs    855462 centroid points
2026-03-21 18:13:48  INFO      s05_spatial_attrs  Spatial join: TownCenter ...
2026-03-21 18:14:38  WARNING   s05_spatial_attrs    [TownCenter] fields not found in join output: ['NAME']
2026-03-21 18:14:38  WARNING   s05_spatial_attrs    [TownCenter] available fields: ['APN', 'APO_ADDRESS', 'AS_SUM', 'Acres', 'Assessor_Units', 'CNEL', 'COUNTY', 'COUNTY_LANDUSE_DESCRIPTION', 'CommercialFloorArea_SqFt', 'Description', 'District_Number', 'EXISTING_LANDUSE', 'JURISDICTION', 'Jurisdiction_1', 'LOCATION_TO_TOWNCENTER', 'Land_Use', 'Name', 'ORIG_FID', 'OWNERSHIP_TYPE', 'PARCEL_ACRES', 'PARCEL_SQFT', 'PLAN_ID', 'PLAN_NAME', 'PPNO', 'REGIONAL_LANDUSE', 'Residential_Units', 'TAX_SUM', 'TAZ', 'TOWN_CENTER', 'TouristAccommodation_Units', 'Transect', 'WITHIN_BONUSUNIT_BNDY', 'WITHIN_TRPA_BNDY', 'YEAR', 'YEAR_BUILT', 'ZONING_DESCRIPTION', 'ZONING_ID', 'created_date', 'created_date_1', 'created_user', 'created_user_1', 'id', 'last_edited_date', 'last_edited_date_1', 'last_edited_user', 'last_edited_user_1']
2026-03-21 18:14:39  INFO      s05_spatial_attrs    TownCenter : 0 rows updated
2026-03-21 18:14:39  INFO      s05_spatial_attrs  Spatial join: LocToTC ...
2026-03-21 18:16:26  INFO      s05_spatial_attrs    LocToTC : 855547 rows updated
2026-03-21 18:16:26  INFO      s05_spatial_attrs  Spatial join: TAZ ...
2026-03-21 18:17:56  INFO      s05_spatial_attrs    TAZ : 855547 rows updated
2026-03-21 18:17:56  INFO      s05_spatial_attrs  Spatial join: LocalPlan ...
2026-03-21 18:19:40  INFO      s05_spatial_attrs    LocalPlan : 855547 rows updated
2026-03-21 18:19:40  INFO      s05_spatial_attrs  Spatial join: Zoning ...
2026-03-21 18:21:39  INFO      s05_spatial_attrs    Zoning : 855547 rows updated
2026-03-21 18:21:39  INFO      s05_spatial_attrs  Spatial join: RLU ...
2026-03-21 18:23:25  INFO      s05_spatial_attrs    RLU : 855547 rows updated
2026-03-21 18:23:26  INFO      s05_spatial_attrs  Step 5 complete.
2026-03-21 18:23:26  INFO      s06_qa  === Step 6: QA checks ===
2026-03-21 18:23:33  INFO      s06_qa  FC rows read: 855552
2026-03-21 18:23:33  INFO      s06_qa  Check 1: Units by year ...
2026-03-21 18:23:33  INFO      s06_qa  
  Year    CSV_Total   FC_Total    Diff      Status
2026-03-21 18:23:33  INFO      s06_qa    2012    47408       47296       -112      FLAG
2026-03-21 18:23:33  INFO      s06_qa    2013    47448       47334       -114      FLAG
2026-03-21 18:23:33  INFO      s06_qa    2014    47546       47435       -111      FLAG
2026-03-21 18:23:33  INFO      s06_qa    2015    47624       47514       -110      FLAG
2026-03-21 18:23:33  INFO      s06_qa    2016    47690       47572       -118      FLAG
2026-03-21 18:23:33  INFO      s06_qa    2017    47756       47712       -44       FLAG
2026-03-21 18:23:33  INFO      s06_qa    2018    47817       47780       -37       FLAG
2026-03-21 18:23:33  INFO      s06_qa    2019    47894       47851       -43       FLAG
2026-03-21 18:23:33  INFO      s06_qa    2020    48071       48028       -43       FLAG
2026-03-21 18:23:33  INFO      s06_qa    2021    48197       48151       -46       FLAG
2026-03-21 18:23:33  INFO      s06_qa    2022    48293       48241       -52       FLAG
2026-03-21 18:23:33  INFO      s06_qa    2023    48392       48189       -203      FLAG
2026-03-21 18:23:33  INFO      s06_qa    2024    48576       48368       -208      FLAG
2026-03-21 18:23:33  INFO      s06_qa    2025    48784       48574       -210      FLAG
2026-03-21 18:23:35  INFO      utils.df_to_gdb_table  Wrote 14 rows → C:\GIS\ParcelHistory.gdb\QA_Units_By_Year
2026-03-21 18:23:35  INFO      s06_qa  Check 2: Lost APNs ...
2026-03-21 18:23:38  INFO      s06_qa    Lost APNs total     : 578
2026-03-21 18:23:38  INFO      s06_qa    By category:
2026-03-21 18:23:38  INFO      s06_qa      PARCEL_NEW           : 14 APNs  /  232 units
2026-03-21 18:23:38  INFO      s06_qa      PARCEL_SPLIT         : 453 APNs  /  4203 units
2026-03-21 18:23:38  INFO      s06_qa      UNKNOWN              : 111 APNs  /  667 units
2026-03-21 18:23:38  INFO      s06_qa    Lost units by year:
2026-03-21 18:23:38  INFO      s06_qa      2012 : 124 APNs  /  150 units
2026-03-21 18:23:38  INFO      s06_qa      2013 : 212 APNs  /  243 units
2026-03-21 18:23:38  INFO      s06_qa      2014 : 164 APNs  /  227 units
2026-03-21 18:23:38  INFO      s06_qa      2015 : 128 APNs  /  199 units
2026-03-21 18:23:38  INFO      s06_qa      2016 : 157 APNs  /  250 units
2026-03-21 18:23:38  INFO      s06_qa      2017 : 145 APNs  /  259 units
2026-03-21 18:23:38  INFO      s06_qa      2018 : 158 APNs  /  377 units
2026-03-21 18:23:38  INFO      s06_qa      2019 : 179 APNs  /  398 units
2026-03-21 18:23:38  INFO      s06_qa      2020 : 183 APNs  /  405 units
2026-03-21 18:23:38  INFO      s06_qa      2021 : 239 APNs  /  467 units
2026-03-21 18:23:38  INFO      s06_qa      2022 : 256 APNs  /  484 units
2026-03-21 18:23:38  INFO      s06_qa      2023 : 282 APNs  /  516 units
2026-03-21 18:23:38  INFO      s06_qa      2024 : 310 APNs  /  549 units
2026-03-21 18:23:38  INFO      s06_qa      2025 : 326 APNs  /  578 units
2026-03-21 18:23:41  INFO      utils.df_to_gdb_table  Wrote 578 rows → C:\GIS\ParcelHistory.gdb\QA_Lost_APNs
2026-03-21 18:23:41  INFO      s06_qa  Check 3: Duplicate APN x Year ...
2026-03-21 18:23:42  INFO      s06_qa    Duplicate rows: 0
2026-03-21 18:23:42  INFO      s06_qa  Check 4: Spatial completeness (WITHIN_TRPA_BNDY = 1 only) ...
2026-03-21 18:23:42  INFO      s06_qa    PARCEL_ACRES                        : 0 null  (0.0%)  OK
2026-03-21 18:23:42  INFO      s06_qa    PARCEL_SQFT                         : 0 null  (0.0%)  OK
2026-03-21 18:23:42  INFO      s06_qa    WITHIN_TRPA_BNDY                    : 0 null  (0.0%)  OK
2026-03-21 18:23:42  INFO      s06_qa    WITHIN_BONUSUNIT_BNDY               : 0 null  (0.0%)  OK
2026-03-21 18:23:42  INFO      s06_qa    TOWN_CENTER                         : 806444 null  (95.5%)  FLAG
2026-03-21 18:23:43  INFO      s06_qa    LOCATION_TO_TOWNCENTER              : 602302 null  (71.3%)  FLAG
2026-03-21 18:23:43  INFO      s06_qa    TAZ                                 : 602778 null  (71.4%)  FLAG
2026-03-21 18:23:43  INFO      s06_qa    PLAN_ID                             : 602571 null  (71.4%)  FLAG
2026-03-21 18:23:43  INFO      s06_qa    PLAN_NAME                           : 602571 null  (71.4%)  FLAG
2026-03-21 18:23:44  INFO      s06_qa    ZONING_ID                           : 602593 null  (71.4%)  FLAG
2026-03-21 18:23:44  INFO      s06_qa    ZONING_DESCRIPTION                  : 602593 null  (71.4%)  FLAG
2026-03-21 18:23:44  INFO      s06_qa    REGIONAL_LANDUSE                    : 603323 null  (71.5%)  FLAG
2026-03-21 18:23:46  INFO      utils.df_to_gdb_table  Wrote 12 rows → C:\GIS\ParcelHistory.gdb\QA_Spatial_Completeness
2026-03-21 18:23:46  INFO      s06_qa  Step 6 complete.  QA tables written to C:\GIS\ParcelHistory.gdb
2026-03-21 18:23:46  INFO      main  ============================================================
2026-03-21 18:23:46  INFO      main  ETL complete  (16m 32s)
2026-03-21 18:23:46  INFO      main  ============================================================
2026-03-21 18:30:17  INFO      main  ============================================================
2026-03-21 18:30:17  INFO      main  Residential Units ETL — starting
2026-03-21 18:30:17  INFO      main  ============================================================
2026-03-21 18:30:17  INFO      main  Skipping Step 1 (--skip-s01)
2026-03-21 18:30:17  INFO      s02_load_csv  === Step 2: Load CSV and build csv_lookup ===
2026-03-21 18:30:17  INFO      s02_load_csv  CSV: 42163 parcels, 14 year columns (2012, 2013, 2014, 2015, 2016, 2017, 2018, 2019, 2020, 2021, 2022, 2023, 2024, 2025)
2026-03-21 18:30:18  INFO      s02_load_csv  Long format: 590282 rows  (2012–2025)
2026-03-21 18:30:18  INFO      s02_load_csv  Building El Dorado APN sets from output FC ...
2026-03-21 18:30:19  INFO      s02_load_csv    EL 2-digit APNs in FC : 30414
2026-03-21 18:30:19  INFO      s02_load_csv    EL 3-digit APNs in FC : 30267
2026-03-21 18:30:20  INFO      s02_load_csv    APNs to pad   (Year>=2018): 19381
2026-03-21 18:30:20  INFO      s02_load_csv    APNs to depad (Year< 2018): 506
2026-03-21 18:30:23  INFO      s02_load_csv    CSV rows APN-fixed: 158084
2026-03-21 18:30:24  INFO      s02_load_csv  csv_lookup entries: 590268
2026-03-21 18:30:24  INFO      s02_load_csv  Step 2 complete.
2026-03-21 18:30:24  INFO      s03_crosswalk  === Step 3: Build APN crosswalk ===
2026-03-21 18:30:25  INFO      s03_crosswalk  CSV APN x Year combos   : 590268
2026-03-21 18:30:25  INFO      s03_crosswalk  FC  APN x Year combos   : 855552
2026-03-21 18:30:25  INFO      s03_crosswalk  Missing combos          : 4876  (843 unique APNs)
2026-03-21 18:30:25  INFO      s03_crosswalk  Fetching geometries for 843 APNs ...
2026-03-21 18:30:53  INFO      s03_crosswalk    With geometry   : 829
2026-03-21 18:30:53  INFO      s03_crosswalk    Without geometry: 14  (not in FC any year)
2026-03-21 18:30:54  INFO      s03_crosswalk  Centroid FC: 829 points
2026-03-21 18:30:59  INFO      s03_crosswalk    2012 : 370 within + 12 closest
2026-03-21 18:31:05  INFO      s03_crosswalk    2013 : 471 within + 11 closest
2026-03-21 18:31:10  INFO      s03_crosswalk    2014 : 411 within + 14 closest
2026-03-21 18:31:16  INFO      s03_crosswalk    2015 : 370 within + 13 closest
2026-03-21 18:31:21  INFO      s03_crosswalk    2016 : 370 within + 11 closest
2026-03-21 18:31:23  INFO      s03_crosswalk    2017 : 368 within + 0 closest
2026-03-21 18:31:25  INFO      s03_crosswalk    2018 : 279 within + 0 closest
2026-03-21 18:31:27  INFO      s03_crosswalk    2019 : 244 within + 0 closest
2026-03-21 18:31:29  INFO      s03_crosswalk    2020 : 246 within + 0 closest
2026-03-21 18:31:31  INFO      s03_crosswalk    2021 : 297 within + 0 closest
2026-03-21 18:31:33  INFO      s03_crosswalk    2022 : 302 within + 0 closest
2026-03-21 18:31:35  INFO      s03_crosswalk    2023 : 275 within + 0 closest
2026-03-21 18:31:37  INFO      s03_crosswalk    2024 : 302 within + 0 closest
2026-03-21 18:31:41  INFO      s03_crosswalk    2025 : 319 within + 1 closest
2026-03-21 18:31:42  INFO      s03_crosswalk  Crosswalk rows      : 4686
2026-03-21 18:31:42  INFO      s03_crosswalk  csv_lookup entries added: 2234
2026-03-21 18:31:42  DEBUG     utils.df_to_gdb_table  Deleted existing table: C:\GIS\ParcelHistory.gdb\QA_APN_Crosswalk
2026-03-21 18:31:46  INFO      utils.df_to_gdb_table  Wrote 4686 rows → C:\GIS\ParcelHistory.gdb\QA_APN_Crosswalk
2026-03-21 18:31:46  INFO      s03_crosswalk  Written → C:\GIS\ParcelHistory.gdb\QA_APN_Crosswalk
2026-03-21 18:31:46  INFO      s03_crosswalk  Step 3 complete.
2026-03-21 18:31:46  INFO      s04_update_units  === Step 4: Update Residential_Units ===
2026-03-21 18:32:39  INFO      s04_update_units  Rows updated        : 855552
2026-03-21 18:32:39  INFO      s04_update_units    Matched to CSV    : 587626
2026-03-21 18:32:39  INFO      s04_update_units    Defaulted to 0    : 267926
2026-03-21 18:32:39  INFO      s04_update_units  Step 4 complete.
2026-03-21 18:32:40  INFO      s05_spatial_attrs  === Step 5: Spatial attribute updates ===
2026-03-21 18:32:41  INFO      s05_spatial_attrs  Rows in scope: 855552
2026-03-21 18:32:41  INFO      s05_spatial_attrs  Calculating PARCEL_ACRES / PARCEL_SQFT ...
2026-03-21 18:35:20  INFO      s05_spatial_attrs    855462 rows updated
2026-03-21 18:35:20  INFO      s05_spatial_attrs  Flagging WITHIN_TRPA_BNDY ...
2026-03-21 18:36:12  INFO      s05_spatial_attrs    WITHIN_TRPA_BNDY = 1 : 844347 rows
2026-03-21 18:36:12  INFO      s05_spatial_attrs  Flagging WITHIN_BONUSUNIT_BNDY ...
2026-03-21 18:37:05  INFO      s05_spatial_attrs    WITHIN_BONUSUNIT_BNDY = 1 : 547368 rows
2026-03-21 18:37:05  INFO      s05_spatial_attrs  Building centroid points ...
2026-03-21 18:37:31  INFO      s05_spatial_attrs    855462 centroid points
2026-03-21 18:37:31  INFO      s05_spatial_attrs  Spatial join: TownCenter ...
2026-03-21 18:38:45  INFO      s05_spatial_attrs    TownCenter : 855547 rows updated
2026-03-21 18:38:45  INFO      s05_spatial_attrs  Spatial join: LocToTC ...
2026-03-21 18:40:21  INFO      s05_spatial_attrs    LocToTC : 855547 rows updated
2026-03-21 18:40:21  INFO      s05_spatial_attrs  Spatial join: TAZ ...
2026-03-21 18:41:51  INFO      s05_spatial_attrs    TAZ : 855547 rows updated
2026-03-21 18:41:51  INFO      s05_spatial_attrs  Spatial join: LocalPlan ...
2026-03-21 18:43:32  INFO      s05_spatial_attrs    LocalPlan : 855547 rows updated
2026-03-21 18:43:32  INFO      s05_spatial_attrs  Spatial join: Zoning ...
2026-03-21 18:47:08  INFO      s05_spatial_attrs    Zoning : 855547 rows updated
2026-03-21 18:47:08  INFO      s05_spatial_attrs  Spatial join: RLU ...
2026-03-21 18:52:14  INFO      s05_spatial_attrs    RLU : 855547 rows updated
2026-03-21 18:52:17  INFO      s05_spatial_attrs  Step 5 complete.
2026-03-21 18:52:17  INFO      s06_qa  === Step 6: QA checks ===
2026-03-21 18:52:35  INFO      s06_qa  FC rows read: 855552
2026-03-21 18:52:35  INFO      s06_qa  Check 1: Units by year ...
2026-03-21 18:52:35  INFO      s06_qa  
  Year    CSV_Total   FC_Total    Diff      Status
2026-03-21 18:52:35  INFO      s06_qa    2012    47408       47296       -112      FLAG
2026-03-21 18:52:35  INFO      s06_qa    2013    47448       47335       -113      FLAG
2026-03-21 18:52:35  INFO      s06_qa    2014    47546       47436       -110      FLAG
2026-03-21 18:52:35  INFO      s06_qa    2015    47624       47514       -110      FLAG
2026-03-21 18:52:35  INFO      s06_qa    2016    47690       47572       -118      FLAG
2026-03-21 18:52:35  INFO      s06_qa    2017    47756       47710       -46       FLAG
2026-03-21 18:52:35  INFO      s06_qa    2018    47817       47778       -39       FLAG
2026-03-21 18:52:35  INFO      s06_qa    2019    47894       47849       -45       FLAG
2026-03-21 18:52:35  INFO      s06_qa    2020    48071       48025       -46       FLAG
2026-03-21 18:52:35  INFO      s06_qa    2021    48197       48148       -49       FLAG
2026-03-21 18:52:35  INFO      s06_qa    2022    48293       48238       -55       FLAG
2026-03-21 18:52:35  INFO      s06_qa    2023    48392       48186       -206      FLAG
2026-03-21 18:52:35  INFO      s06_qa    2024    48576       48369       -207      FLAG
2026-03-21 18:52:35  INFO      s06_qa    2025    48784       48575       -209      FLAG
2026-03-21 19:05:46  INFO      main  ============================================================
2026-03-21 19:05:46  INFO      main  Residential Units ETL — starting
2026-03-21 19:05:46  INFO      main  ============================================================
2026-03-21 19:05:46  INFO      main  Skipping Step 1 (--skip-s01)
2026-03-21 19:05:46  INFO      s02_load_csv  === Step 2: Load CSV and build csv_lookup ===
2026-03-21 19:05:46  INFO      s02_load_csv  CSV: 42163 parcels, 14 year columns (2012, 2013, 2014, 2015, 2016, 2017, 2018, 2019, 2020, 2021, 2022, 2023, 2024, 2025)
2026-03-21 19:05:47  INFO      s02_load_csv  Long format: 590282 rows  (2012–2025)
2026-03-21 19:05:47  INFO      s02_load_csv  Building El Dorado APN sets from output FC ...
2026-03-21 19:05:49  INFO      s02_load_csv    EL 2-digit APNs in FC : 30414
2026-03-21 19:05:49  INFO      s02_load_csv    EL 3-digit APNs in FC : 30267
2026-03-21 19:05:49  INFO      s02_load_csv    APNs to pad   (Year>=2018): 19381
2026-03-21 19:05:49  INFO      s02_load_csv    APNs to depad (Year< 2018): 506
2026-03-21 19:05:54  INFO      s02_load_csv    CSV rows APN-fixed: 158084
2026-03-21 19:05:54  INFO      s02_load_csv  csv_lookup entries: 590268
2026-03-21 19:05:54  INFO      s02_load_csv  Step 2 complete.
2026-03-21 19:05:54  INFO      s03_crosswalk  === Step 3: Build APN crosswalk ===
2026-03-21 19:05:56  INFO      s03_crosswalk  CSV APN x Year combos   : 590268
2026-03-21 19:05:56  INFO      s03_crosswalk  FC  APN x Year combos   : 855552
2026-03-21 19:05:56  INFO      s03_crosswalk  Missing combos          : 4876  (843 unique APNs)
2026-03-21 19:05:56  INFO      s03_crosswalk  Fetching geometries for 843 APNs ...
2026-03-21 19:06:26  INFO      s03_crosswalk    With geometry   : 829
2026-03-21 19:06:26  INFO      s03_crosswalk    Without geometry: 14  (not in FC any year)
2026-03-21 19:06:28  INFO      s03_crosswalk  Centroid FC: 829 points
2026-03-21 19:06:33  INFO      s03_crosswalk    2012 : 370 within + 12 closest
2026-03-21 19:06:39  INFO      s03_crosswalk    2013 : 471 within + 11 closest
2026-03-21 19:06:44  INFO      s03_crosswalk    2014 : 411 within + 14 closest
2026-03-21 19:06:49  INFO      s03_crosswalk    2015 : 370 within + 13 closest
2026-03-21 19:06:54  INFO      s03_crosswalk    2016 : 370 within + 11 closest
2026-03-21 19:06:56  INFO      s03_crosswalk    2017 : 368 within + 0 closest
2026-03-21 19:06:58  INFO      s03_crosswalk    2018 : 279 within + 0 closest
2026-03-21 19:07:00  INFO      s03_crosswalk    2019 : 244 within + 0 closest
2026-03-21 19:07:02  INFO      s03_crosswalk    2020 : 246 within + 0 closest
2026-03-21 19:07:04  INFO      s03_crosswalk    2021 : 297 within + 0 closest
2026-03-21 19:07:06  INFO      s03_crosswalk    2022 : 302 within + 0 closest
2026-03-21 19:07:08  INFO      s03_crosswalk    2023 : 275 within + 0 closest
2026-03-21 19:07:10  INFO      s03_crosswalk    2024 : 302 within + 0 closest
2026-03-21 19:07:14  INFO      s03_crosswalk    2025 : 319 within + 1 closest
2026-03-21 19:07:14  INFO      s03_crosswalk  Crosswalk rows      : 4686
2026-03-21 19:07:14  INFO      s03_crosswalk  csv_lookup entries added: 2234
2026-03-21 19:07:15  DEBUG     utils.df_to_gdb_table  Deleted existing table: C:\GIS\ParcelHistory.gdb\QA_APN_Crosswalk
2026-03-21 19:07:18  INFO      utils.df_to_gdb_table  Wrote 4686 rows → C:\GIS\ParcelHistory.gdb\QA_APN_Crosswalk
2026-03-21 19:07:18  INFO      s03_crosswalk  Written → C:\GIS\ParcelHistory.gdb\QA_APN_Crosswalk
2026-03-21 19:07:18  INFO      s03_crosswalk  Step 3 complete.
2026-03-21 19:07:18  INFO      s04_update_units  === Step 4: Update Residential_Units ===
2026-03-21 19:07:43  INFO      s04_update_units  Rows updated        : 855552
2026-03-21 19:07:43  INFO      s04_update_units    Matched to CSV    : 587626
2026-03-21 19:07:43  INFO      s04_update_units    Defaulted to 0    : 267926
2026-03-21 19:07:43  INFO      s04_update_units  Step 4 complete.
2026-03-21 19:07:43  INFO      s05_spatial_attrs  === Step 5: Spatial attribute updates ===
2026-03-21 19:07:44  INFO      s05_spatial_attrs  Rows in scope: 855552
2026-03-21 19:07:44  INFO      s05_spatial_attrs  Calculating PARCEL_ACRES / PARCEL_SQFT ...
2026-03-21 19:09:10  INFO      s05_spatial_attrs    855462 rows updated
2026-03-21 19:09:10  INFO      s05_spatial_attrs  Flagging WITHIN_TRPA_BNDY ...
2026-03-21 19:10:01  INFO      s05_spatial_attrs    WITHIN_TRPA_BNDY = 1 : 844347 rows
2026-03-21 19:10:01  INFO      s05_spatial_attrs  Flagging WITHIN_BONUSUNIT_BNDY ...
2026-03-21 19:10:54  INFO      s05_spatial_attrs    WITHIN_BONUSUNIT_BNDY = 1 : 547368 rows
2026-03-21 19:10:54  INFO      s05_spatial_attrs  Building centroid points ...
2026-03-21 19:11:20  INFO      s05_spatial_attrs    855462 centroid points
2026-03-21 19:11:20  INFO      s05_spatial_attrs  Spatial join: TownCenter ...
2026-03-21 19:12:34  INFO      s05_spatial_attrs    TownCenter : 855547 rows updated
2026-03-21 19:12:34  INFO      s05_spatial_attrs  Spatial join: LocToTC ...
2026-03-21 19:14:25  INFO      s05_spatial_attrs    LocToTC : 855547 rows updated
2026-03-21 19:14:25  INFO      s05_spatial_attrs  Spatial join: TAZ ...
2026-03-21 19:15:56  INFO      s05_spatial_attrs    TAZ : 855547 rows updated
2026-03-21 19:15:56  INFO      s05_spatial_attrs  Spatial join: LocalPlan ...
2026-03-21 19:17:35  INFO      s05_spatial_attrs    LocalPlan : 855547 rows updated
2026-03-21 19:17:35  INFO      s05_spatial_attrs  Spatial join: Zoning ...
2026-03-21 19:19:27  INFO      s05_spatial_attrs    Zoning : 855547 rows updated
2026-03-21 19:19:27  INFO      s05_spatial_attrs  Spatial join: RLU ...
2026-03-21 19:21:05  INFO      s05_spatial_attrs    RLU : 855547 rows updated
2026-03-21 19:21:06  INFO      s05_spatial_attrs  Step 5 complete.
2026-03-21 19:21:06  INFO      s06_qa  === Step 6: QA checks ===
2026-03-21 19:21:12  INFO      s06_qa  FC rows read: 855552
2026-03-21 19:21:12  INFO      s06_qa  Check 1: Units by year ...
2026-03-21 19:21:12  INFO      s06_qa  
  Year    CSV_Total   FC_Total    Diff      Status
2026-03-21 19:21:12  INFO      s06_qa    2012    47408       47296       -112      FLAG
2026-03-21 19:21:12  INFO      s06_qa    2013    47448       47336       -112      FLAG
2026-03-21 19:21:12  INFO      s06_qa    2014    47546       47436       -110      FLAG
2026-03-21 19:21:12  INFO      s06_qa    2015    47624       47514       -110      FLAG
2026-03-21 19:21:12  INFO      s06_qa    2016    47690       47572       -118      FLAG
2026-03-21 19:21:12  INFO      s06_qa    2017    47756       47709       -47       FLAG
2026-03-21 19:21:12  INFO      s06_qa    2018    47817       47777       -40       FLAG
2026-03-21 19:21:12  INFO      s06_qa    2019    47894       47851       -43       FLAG
2026-03-21 19:21:12  INFO      s06_qa    2020    48071       48028       -43       FLAG
2026-03-21 19:21:12  INFO      s06_qa    2021    48197       48151       -46       FLAG
2026-03-21 19:21:12  INFO      s06_qa    2022    48293       48241       -52       FLAG
2026-03-21 19:21:12  INFO      s06_qa    2023    48392       48189       -203      FLAG
2026-03-21 19:21:12  INFO      s06_qa    2024    48576       48368       -208      FLAG
2026-03-21 19:21:12  INFO      s06_qa    2025    48784       48572       -212      FLAG
2026-03-21 19:21:12  DEBUG     utils.df_to_gdb_table  Deleted existing table: C:\GIS\ParcelHistory.gdb\QA_Units_By_Year
2026-03-21 19:21:14  INFO      utils.df_to_gdb_table  Wrote 14 rows → C:\GIS\ParcelHistory.gdb\QA_Units_By_Year
2026-03-21 19:21:14  INFO      s06_qa  Check 2: Lost APNs ...
2026-03-21 19:21:17  INFO      s06_qa    Lost APNs total     : 578
2026-03-21 19:21:17  INFO      s06_qa    By category:
2026-03-21 19:21:17  INFO      s06_qa      PARCEL_NEW           : 14 APNs  /  232 units
2026-03-21 19:21:17  INFO      s06_qa      PARCEL_SPLIT         : 453 APNs  /  4203 units
2026-03-21 19:21:17  INFO      s06_qa      UNKNOWN              : 111 APNs  /  667 units
2026-03-21 19:21:17  INFO      s06_qa    Lost units by year:
2026-03-21 19:21:17  INFO      s06_qa      2012 : 124 APNs  /  150 units
2026-03-21 19:21:17  INFO      s06_qa      2013 : 212 APNs  /  243 units
2026-03-21 19:21:17  INFO      s06_qa      2014 : 164 APNs  /  227 units
2026-03-21 19:21:17  INFO      s06_qa      2015 : 128 APNs  /  199 units
2026-03-21 19:21:17  INFO      s06_qa      2016 : 157 APNs  /  250 units
2026-03-21 19:21:17  INFO      s06_qa      2017 : 145 APNs  /  259 units
2026-03-21 19:21:17  INFO      s06_qa      2018 : 158 APNs  /  377 units
2026-03-21 19:21:17  INFO      s06_qa      2019 : 179 APNs  /  398 units
2026-03-21 19:21:17  INFO      s06_qa      2020 : 183 APNs  /  405 units
2026-03-21 19:21:17  INFO      s06_qa      2021 : 239 APNs  /  467 units
2026-03-21 19:21:17  INFO      s06_qa      2022 : 256 APNs  /  484 units
2026-03-21 19:21:17  INFO      s06_qa      2023 : 282 APNs  /  516 units
2026-03-21 19:21:17  INFO      s06_qa      2024 : 310 APNs  /  549 units
2026-03-21 19:21:17  INFO      s06_qa      2025 : 326 APNs  /  578 units
2026-03-21 19:21:18  DEBUG     utils.df_to_gdb_table  Deleted existing table: C:\GIS\ParcelHistory.gdb\QA_Lost_APNs
2026-03-21 19:21:21  INFO      utils.df_to_gdb_table  Wrote 578 rows → C:\GIS\ParcelHistory.gdb\QA_Lost_APNs
2026-03-21 19:21:21  INFO      s06_qa  Check 3: Duplicate APN x Year ...
2026-03-21 19:21:21  INFO      s06_qa    Duplicate rows: 0
2026-03-21 19:21:21  INFO      s06_qa  Check 4: Spatial completeness (WITHIN_TRPA_BNDY = 1 only) ...
2026-03-21 19:21:21  INFO      s06_qa    PARCEL_ACRES                        : 0 null  (0.0%)  OK
2026-03-21 19:21:21  INFO      s06_qa    PARCEL_SQFT                         : 0 null  (0.0%)  OK
2026-03-21 19:21:21  INFO      s06_qa    WITHIN_TRPA_BNDY                    : 0 null  (0.0%)  OK
2026-03-21 19:21:21  INFO      s06_qa    WITHIN_BONUSUNIT_BNDY               : 0 null  (0.0%)  OK
2026-03-21 19:21:21  INFO      s06_qa    TOWN_CENTER                         : 806444 null  (95.5%)  FLAG
2026-03-21 19:21:22  INFO      s06_qa    LOCATION_TO_TOWNCENTER              : 602302 null  (71.3%)  FLAG
2026-03-21 19:21:22  INFO      s06_qa    TAZ                                 : 602778 null  (71.4%)  FLAG
2026-03-21 19:21:22  INFO      s06_qa    PLAN_ID                             : 602571 null  (71.4%)  FLAG
2026-03-21 19:21:22  INFO      s06_qa    PLAN_NAME                           : 602571 null  (71.4%)  FLAG
2026-03-21 19:21:23  INFO      s06_qa    ZONING_ID                           : 602593 null  (71.4%)  FLAG
2026-03-21 19:21:23  INFO      s06_qa    ZONING_DESCRIPTION                  : 602593 null  (71.4%)  FLAG
2026-03-21 19:21:23  INFO      s06_qa    REGIONAL_LANDUSE                    : 603323 null  (71.5%)  FLAG
2026-03-21 19:21:24  DEBUG     utils.df_to_gdb_table  Deleted existing table: C:\GIS\ParcelHistory.gdb\QA_Spatial_Completeness
2026-03-21 19:21:26  INFO      utils.df_to_gdb_table  Wrote 12 rows → C:\GIS\ParcelHistory.gdb\QA_Spatial_Completeness
2026-03-21 19:21:26  INFO      s06_qa  Step 6 complete.  QA tables written to C:\GIS\ParcelHistory.gdb
2026-03-21 19:21:26  INFO      main  ============================================================
2026-03-21 19:21:26  INFO      main  ETL complete  (15m 40s)
2026-03-21 19:21:26  INFO      main  ============================================================
