2026-03-23 14:37:13  INFO      main  ============================================================
2026-03-23 14:37:13  INFO      main  Residential Units ETL — starting
2026-03-23 14:37:13  INFO      main  ============================================================
2026-03-23 14:37:13  INFO      main  Skipping Step 1 (--skip-s01)
2026-03-23 14:43:32  INFO      main  ============================================================
2026-03-23 14:43:32  INFO      main  Residential Units ETL — starting
2026-03-23 14:43:32  INFO      main  ============================================================
2026-03-23 14:43:32  INFO      s01_prepare_fc  === Step 1: Prepare output feature class ===
2026-03-23 14:43:33  INFO      s01_prepare_fc  Deleting existing output FC: C:\GIS\ParcelHistory.gdb\Residential_Parcels_History
2026-03-23 14:43:34  INFO      s01_prepare_fc  Copying C:\GIS\ParcelHistory.gdb\Parcel_History_Attributed → C:\GIS\ParcelHistory.gdb\Residential_Parcels_History  WHERE YEAR IN (2012, 2013, 2014, 2015, 2016, 2017, 2018, 2019, 2020, 2021, 2022, 2023, 2024, 2025)
2026-03-23 14:44:21  INFO      s01_prepare_fc  Output FC created with 855552 rows
2026-03-23 14:44:22  INFO      s01_prepare_fc  Rows per year:
2026-03-23 14:44:22  INFO      s01_prepare_fc    2012 : 60827 rows
2026-03-23 14:44:22  INFO      s01_prepare_fc    2013 : 60865 rows
2026-03-23 14:44:22  INFO      s01_prepare_fc    2014 : 60862 rows
2026-03-23 14:44:22  INFO      s01_prepare_fc    2015 : 60822 rows
2026-03-23 14:44:22  INFO      s01_prepare_fc    2016 : 60865 rows
2026-03-23 14:44:22  INFO      s01_prepare_fc    2017 : 60881 rows
2026-03-23 14:44:22  INFO      s01_prepare_fc    2018 : 61458 rows
2026-03-23 14:44:22  INFO      s01_prepare_fc    2019 : 61324 rows
2026-03-23 14:44:22  INFO      s01_prepare_fc    2020 : 61313 rows
2026-03-23 14:44:22  INFO      s01_prepare_fc    2021 : 61269 rows
2026-03-23 14:44:22  INFO      s01_prepare_fc    2022 : 61263 rows
2026-03-23 14:44:22  INFO      s01_prepare_fc    2023 : 61262 rows
2026-03-23 14:44:22  INFO      s01_prepare_fc    2024 : 61270 rows
2026-03-23 14:44:22  INFO      s01_prepare_fc    2025 : 61271 rows
2026-03-23 14:44:22  INFO      s01_prepare_fc  Step 1 complete.
2026-03-23 14:44:22  INFO      s02_load_csv  === Step 2: Load CSV and build csv_lookup ===
2026-03-23 14:44:22  INFO      s02_load_csv  CSV: 42163 parcels, 14 year columns (2012, 2013, 2014, 2015, 2016, 2017, 2018, 2019, 2020, 2021, 2022, 2023, 2024, 2025)
2026-03-23 14:44:23  INFO      s02_load_csv  Long format: 590282 rows  (2012–2025)
2026-03-23 14:44:23  INFO      s02_load_csv  Building El Dorado APN sets from output FC ...
2026-03-23 14:44:24  INFO      s02_load_csv    EL 2-digit APNs in FC : 30414
2026-03-23 14:44:24  INFO      s02_load_csv    EL 3-digit APNs in FC : 30267
2026-03-23 14:44:24  INFO      s02_load_csv    APNs to pad   (Year>=2018): 19381
2026-03-23 14:44:24  INFO      s02_load_csv    APNs to depad (Year< 2018): 506
2026-03-23 14:44:28  INFO      s02_load_csv    CSV rows APN-fixed: 158084
2026-03-23 14:44:28  INFO      s02b_genealogy  === Step 2b: Apply genealogy APN corrections ===
2026-03-23 14:44:28  INFO      s02b_genealogy  Master CSV: 1253 apply-ready rows (is_primary=1, change_year set)
2026-03-23 14:44:28  WARNING   s02b_genealogy    163 primary rows have no change_year (PARCEL_NEW or unresolved) — skipped. Fill in change_year manually in the master CSV to include them.
2026-03-23 14:44:28  DEBUG     s02b_genealogy    Conflict skip: 130-312-04 → 130-312-30 already in df for years [2017, 2018, 2019, 2020, 2021, 2022, 2023, 2024, 2025]
2026-03-23 14:44:29  DEBUG     s02b_genealogy    Conflict skip: 130-312-27 → 130-312-30 already in df for years [2017, 2018, 2019, 2020, 2021, 2022, 2023, 2024, 2025]
2026-03-23 14:44:29  DEBUG     s02b_genealogy    Conflict skip: 130-241-46 → 130-241-65 already in df for years [2023, 2024, 2025]
2026-03-23 14:44:29  DEBUG     s02b_genealogy    Conflict skip: 1418-27-210-029 → 1418-27-210-036 already in df for years [2017, 2018, 2019, 2020, 2021, 2022, 2023, 2024, 2025]
2026-03-23 14:44:30  DEBUG     s02b_genealogy    Conflict skip: 130-241-45 → 130-241-65 already in df for years [2023, 2024, 2025]
2026-03-23 14:44:31  DEBUG     s02b_genealogy    Conflict skip: 084-110-011 → 084-110-026 already in df for years [2017, 2018, 2019, 2020, 2021, 2022, 2023, 2024, 2025]
2026-03-23 14:44:32  DEBUG     s02b_genealogy    Conflict skip: 036-350-08 → 036-530-28 already in df for years [2015, 2016, 2017]
2026-03-23 14:44:32  DEBUG     s02b_genealogy    Conflict skip: 098-210-031 → 098-360-001 already in df for years [2018, 2019, 2020, 2021, 2022, 2023, 2024, 2025]
2026-03-23 14:44:32  DEBUG     s02b_genealogy    Conflict skip: 098-210-030 → 098-360-001 already in df for years [2018, 2019, 2020, 2021, 2022, 2023, 2024, 2025]
2026-03-23 14:44:33  DEBUG     s02b_genealogy    Conflict skip: 123-032-11 → 123-032-26 already in df for years [2017, 2018, 2019, 2020, 2021, 2022, 2023, 2024, 2025]
2026-03-23 14:44:37  DEBUG     s02b_genealogy    Conflict skip: 117-100-004 → 117-100-088 already in df for years [2019, 2020, 2021, 2022, 2023, 2024, 2025]
2026-03-23 14:44:38  DEBUG     s02b_genealogy    Conflict skip: 123-032-01 → 123-032-18 already in df for years [2012, 2013, 2014, 2015, 2016, 2017, 2018, 2019, 2020, 2021, 2022, 2023, 2024, 2025]
2026-03-23 14:44:41  DEBUG     s02b_genealogy    Conflict skip: 097-122-002 → 097-122-028 already in df for years [2012, 2013, 2014, 2015, 2016, 2017, 2018, 2019, 2020, 2021, 2022, 2023]
2026-03-23 14:44:41  DEBUG     s02b_genealogy    Conflict skip: 097-122-015 → 097-122-028 already in df for years [2012, 2013, 2014, 2015, 2016, 2017, 2018, 2019, 2020, 2021, 2022, 2023, 2024, 2025]
2026-03-23 14:44:44  DEBUG     s02b_genealogy    Conflict skip: 090-191-022 → 090-191-053 already in df for years [2024, 2025]
2026-03-23 14:44:44  DEBUG     s02b_genealogy    Conflict skip: 1418-34-110-039 → 1418-34-110-059 already in df for years [2012, 2013, 2014, 2015, 2016, 2017, 2018, 2019, 2020, 2021, 2022, 2023, 2024, 2025]
2026-03-23 14:44:45  DEBUG     s02b_genealogy    Conflict skip: 017-021-18 → 017-021-33 already in df for years [2017]
2026-03-23 14:44:46  DEBUG     s02b_genealogy    Conflict skip: 027-313-02 → 027-313-16 already in df for years [2017]
2026-03-23 14:44:47  DEBUG     s02b_genealogy    Conflict skip: 1318-10-310-033 → 1318-10-310-078 already in df for years [2017, 2018, 2019, 2020, 2021, 2022, 2023, 2024, 2025]
2026-03-23 14:44:48  DEBUG     s02b_genealogy    Conflict skip: 122-530-26 → 122-530-38 already in df for years [2021, 2022, 2023, 2024, 2025]
2026-03-23 14:44:59  DEBUG     s02b_genealogy    Conflict skip: 117-110-008 → 117-110-072 already in df for years [2017, 2018, 2019, 2020, 2021, 2022, 2023, 2024, 2025]
2026-03-23 14:45:02  DEBUG     s02b_genealogy    Conflict skip: 015-304-31 → 015-304-33 already in df for years [2015, 2016, 2017]
2026-03-23 14:45:03  INFO      s02b_genealogy  Genealogy corrections applied: 65 APN substitutions
2026-03-23 14:45:03  INFO      s02b_genealogy    Total unit-years remapped: 2242
2026-03-23 14:45:05  INFO      utils.df_to_gdb_table  Wrote 65 rows → C:\GIS\ParcelHistory.gdb\QA_Genealogy_Applied
2026-03-23 14:45:05  INFO      s02b_genealogy  Written → C:\GIS\ParcelHistory.gdb\QA_Genealogy_Applied
2026-03-23 14:45:05  INFO      s02b_genealogy  Step 2b complete.
2026-03-23 14:45:05  INFO      s02_load_csv  csv_lookup entries: 590268
2026-03-23 14:45:05  INFO      s02_load_csv  Step 2 complete.
2026-03-23 14:45:05  INFO      s03_crosswalk  === Step 3: Build APN crosswalk ===
2026-03-23 14:45:07  INFO      s03_crosswalk  CSV APN x Year combos   : 590268
2026-03-23 14:45:07  INFO      s03_crosswalk  FC  APN x Year combos   : 855552
2026-03-23 14:45:07  INFO      s03_crosswalk  Missing combos          : 4485  (791 unique APNs)
2026-03-23 14:45:07  INFO      s03_crosswalk  Fetching geometries for 791 APNs ...
2026-03-23 14:45:27  INFO      s03_crosswalk    With geometry (FC)  : 781
2026-03-23 14:45:27  INFO      s03_crosswalk    Without geometry    : 10  (not in FC any year)
2026-03-23 14:45:27  INFO      s03_crosswalk  Trying All Parcels service for 10 APNs with no FC geometry ...
2026-03-23 14:45:34  INFO      s03_crosswalk    Found in All Parcels service: 0
2026-03-23 14:45:34  INFO      s03_crosswalk    Still without geometry: 10
2026-03-23 14:45:35  INFO      s03_crosswalk  Centroid FC: 781 points
2026-03-23 14:45:39  INFO      s03_crosswalk    2012 : 370 within + 12 closest
2026-03-23 14:45:43  INFO      s03_crosswalk    2013 : 471 within + 11 closest
2026-03-23 14:45:47  INFO      s03_crosswalk    2014 : 410 within + 14 closest
2026-03-23 14:45:51  INFO      s03_crosswalk    2015 : 368 within + 13 closest
2026-03-23 14:45:55  INFO      s03_crosswalk    2016 : 363 within + 11 closest
2026-03-23 14:45:57  INFO      s03_crosswalk    2017 : 333 within + 0 closest
2026-03-23 14:45:58  INFO      s03_crosswalk    2018 : 245 within + 0 closest
2026-03-23 14:46:00  INFO      s03_crosswalk    2019 : 210 within + 0 closest
2026-03-23 14:46:01  INFO      s03_crosswalk    2020 : 213 within + 0 closest
2026-03-23 14:46:02  INFO      s03_crosswalk    2021 : 262 within + 0 closest
2026-03-23 14:46:04  INFO      s03_crosswalk    2022 : 266 within + 0 closest
2026-03-23 14:46:05  INFO      s03_crosswalk    2023 : 238 within + 0 closest
2026-03-23 14:46:07  INFO      s03_crosswalk    2024 : 263 within + 0 closest
2026-03-23 14:46:10  INFO      s03_crosswalk    2025 : 279 within + 1 closest
2026-03-23 14:46:11  INFO      s03_crosswalk  Crosswalk rows      : 4353
2026-03-23 14:46:11  INFO      s03_crosswalk  csv_lookup entries added: 1900
2026-03-23 14:46:11  DEBUG     utils.df_to_gdb_table  Deleted existing table: C:\GIS\ParcelHistory.gdb\QA_APN_Crosswalk
2026-03-23 14:46:13  INFO      utils.df_to_gdb_table  Wrote 4353 rows → C:\GIS\ParcelHistory.gdb\QA_APN_Crosswalk
2026-03-23 14:46:13  INFO      s03_crosswalk  Written → C:\GIS\ParcelHistory.gdb\QA_APN_Crosswalk
2026-03-23 14:46:13  INFO      s03_crosswalk  Step 3 complete.
2026-03-23 14:46:13  INFO      s04_update_units  === Step 4: Update Residential_Units ===
2026-03-23 14:46:33  INFO      s04_update_units  Rows updated        : 855552
2026-03-23 14:46:33  INFO      s04_update_units    Matched to CSV    : 587683
2026-03-23 14:46:33  INFO      s04_update_units    Defaulted to 0    : 267869
2026-03-23 14:46:33  INFO      s04_update_units  Step 4 complete.
2026-03-23 14:46:33  INFO      s05_spatial_attrs  === Step 5: Spatial attribute updates ===
2026-03-23 14:46:33  INFO      s05_spatial_attrs  Rows in scope: 855552
2026-03-23 14:46:33  INFO      s05_spatial_attrs  Calculating PARCEL_ACRES / PARCEL_SQFT ...
2026-03-23 14:47:43  INFO      s05_spatial_attrs    855462 rows updated
2026-03-23 14:47:43  INFO      s05_spatial_attrs  Flagging WITHIN_TRPA_BNDY ...
2026-03-23 14:48:24  INFO      s05_spatial_attrs    WITHIN_TRPA_BNDY = 1 : 844347 rows
2026-03-23 14:48:24  INFO      s05_spatial_attrs  Flagging WITHIN_BONUSUNIT_BNDY ...
2026-03-23 14:49:10  INFO      s05_spatial_attrs    WITHIN_BONUSUNIT_BNDY = 1 : 547368 rows
2026-03-23 14:49:10  INFO      s05_spatial_attrs  Building centroid points ...
2026-03-23 14:49:31  INFO      s05_spatial_attrs    855462 centroid points
2026-03-23 14:49:31  INFO      s05_spatial_attrs  Spatial join: TownCenter ...
2026-03-23 14:50:40  INFO      s05_spatial_attrs    TownCenter : 855547 rows updated
2026-03-23 14:50:40  INFO      s05_spatial_attrs  Spatial join: LocToTC ...
2026-03-23 14:52:15  INFO      s05_spatial_attrs    LocToTC : 855547 rows updated
2026-03-23 14:52:15  INFO      s05_spatial_attrs  Spatial join: TAZ ...
2026-03-23 14:53:51  INFO      s05_spatial_attrs    TAZ : 855547 rows updated
2026-03-23 14:53:51  INFO      s05_spatial_attrs  Spatial join: LocalPlan ...
2026-03-23 14:57:41  INFO      s05_spatial_attrs    LocalPlan : 855547 rows updated
2026-03-23 14:57:41  INFO      s05_spatial_attrs  Spatial join: Zoning ...
2026-03-23 15:02:25  INFO      s05_spatial_attrs    Zoning : 855547 rows updated
2026-03-23 15:02:25  INFO      s05_spatial_attrs  Spatial join: RLU ...
2026-03-23 15:04:58  INFO      s05_spatial_attrs    RLU : 855547 rows updated
2026-03-23 15:04:59  INFO      s05_spatial_attrs  Step 5 complete.
2026-03-23 15:04:59  INFO      s06_qa  === Step 6: QA checks ===
2026-03-23 15:05:03  INFO      s06_qa  FC rows read: 855552
2026-03-23 15:05:04  INFO      s06_qa  Check 1: Units by year ...
2026-03-23 15:05:04  INFO      s06_qa  
  Year    CSV_Total   FC_Total    Diff      Status
2026-03-23 15:05:04  INFO      s06_qa    2012    47408       47300       -108      FLAG
2026-03-23 15:05:04  INFO      s06_qa    2013    47448       47340       -108      FLAG
2026-03-23 15:05:04  INFO      s06_qa    2014    47546       47440       -106      FLAG
2026-03-23 15:05:04  INFO      s06_qa    2015    47624       47518       -106      FLAG
2026-03-23 15:05:04  INFO      s06_qa    2016    47690       47576       -114      FLAG
2026-03-23 15:05:04  INFO      s06_qa    2017    47756       47714       -42       FLAG
2026-03-23 15:05:04  INFO      s06_qa    2018    47817       47782       -35       FLAG
2026-03-23 15:05:04  INFO      s06_qa    2019    47894       47856       -38       FLAG
2026-03-23 15:05:04  INFO      s06_qa    2020    48071       48029       -42       FLAG
2026-03-23 15:05:04  INFO      s06_qa    2021    48197       48152       -45       FLAG
2026-03-23 15:05:04  INFO      s06_qa    2022    48293       48242       -51       FLAG
2026-03-23 15:05:04  INFO      s06_qa    2023    48392       48190       -202      FLAG
2026-03-23 15:05:04  INFO      s06_qa    2024    48576       48373       -203      FLAG
2026-03-23 15:05:04  INFO      s06_qa    2025    48784       48577       -207      FLAG
2026-03-23 15:05:04  DEBUG     utils.df_to_gdb_table  Deleted existing table: C:\GIS\ParcelHistory.gdb\QA_Units_By_Year
2026-03-23 15:05:05  INFO      utils.df_to_gdb_table  Wrote 14 rows → C:\GIS\ParcelHistory.gdb\QA_Units_By_Year
2026-03-23 15:05:05  INFO      s06_qa  Check 2: Lost APNs ...
2026-03-23 15:05:07  INFO      s06_qa    Lost APNs total     : 527
2026-03-23 15:05:07  INFO      s06_qa    By category:
2026-03-23 15:05:07  INFO      s06_qa      PARCEL_NEW           : 10 APNs  /  174 units
2026-03-23 15:05:07  INFO      s06_qa      PARCEL_SPLIT         : 406 APNs  /  2922 units
2026-03-23 15:05:07  INFO      s06_qa      UNKNOWN              : 111 APNs  /  607 units
2026-03-23 15:05:07  INFO      s06_qa    Lost units by year:
2026-03-23 15:05:07  INFO      s06_qa      2012 : 120 APNs  /  146 units
2026-03-23 15:05:07  INFO      s06_qa      2013 : 208 APNs  /  239 units
2026-03-23 15:05:07  INFO      s06_qa      2014 : 159 APNs  /  175 units
2026-03-23 15:05:07  INFO      s06_qa      2015 : 122 APNs  /  127 units
2026-03-23 15:05:07  INFO      s06_qa      2016 : 146 APNs  /  153 units
2026-03-23 15:05:07  INFO      s06_qa      2017 : 107 APNs  /  129 units
2026-03-23 15:05:07  INFO      s06_qa      2018 : 121 APNs  /  155 units
2026-03-23 15:05:07  INFO      s06_qa      2019 : 142 APNs  /  176 units
2026-03-23 15:05:07  INFO      s06_qa      2020 : 147 APNs  /  186 units
2026-03-23 15:05:07  INFO      s06_qa      2021 : 201 APNs  /  397 units
2026-03-23 15:05:07  INFO      s06_qa      2022 : 217 APNs  /  413 units
2026-03-23 15:05:07  INFO      s06_qa      2023 : 242 APNs  /  442 units
2026-03-23 15:05:07  INFO      s06_qa      2024 : 267 APNs  /  468 units
2026-03-23 15:05:07  INFO      s06_qa      2025 : 283 APNs  /  497 units
2026-03-23 15:05:08  DEBUG     utils.df_to_gdb_table  Deleted existing table: C:\GIS\ParcelHistory.gdb\QA_Lost_APNs
2026-03-23 15:05:10  INFO      utils.df_to_gdb_table  Wrote 527 rows → C:\GIS\ParcelHistory.gdb\QA_Lost_APNs
2026-03-23 15:05:10  INFO      s06_qa  Check 3: Duplicate APN x Year ...
2026-03-23 15:05:10  INFO      s06_qa    Duplicate rows: 0
2026-03-23 15:05:10  INFO      s06_qa  Check 4: Spatial completeness (WITHIN_TRPA_BNDY = 1 only) ...
2026-03-23 15:05:10  INFO      s06_qa    PARCEL_ACRES                        : 0 null  (0.0%)  OK
2026-03-23 15:05:10  INFO      s06_qa    PARCEL_SQFT                         : 0 null  (0.0%)  OK
2026-03-23 15:05:10  INFO      s06_qa    WITHIN_TRPA_BNDY                    : 0 null  (0.0%)  OK
2026-03-23 15:05:10  INFO      s06_qa    WITHIN_BONUSUNIT_BNDY               : 0 null  (0.0%)  OK
2026-03-23 15:05:10  INFO      s06_qa    TOWN_CENTER                         : 806444 null  (95.5%)  FLAG
2026-03-23 15:05:10  INFO      s06_qa    LOCATION_TO_TOWNCENTER              : 602302 null  (71.3%)  FLAG
2026-03-23 15:05:10  INFO      s06_qa    TAZ                                 : 602778 null  (71.4%)  FLAG
2026-03-23 15:05:11  INFO      s06_qa    PLAN_ID                             : 602571 null  (71.4%)  FLAG
2026-03-23 15:05:11  INFO      s06_qa    PLAN_NAME                           : 602571 null  (71.4%)  FLAG
2026-03-23 15:05:11  INFO      s06_qa    ZONING_ID                           : 602593 null  (71.4%)  FLAG
2026-03-23 15:05:12  INFO      s06_qa    ZONING_DESCRIPTION                  : 602593 null  (71.4%)  FLAG
2026-03-23 15:05:12  INFO      s06_qa    REGIONAL_LANDUSE                    : 603323 null  (71.5%)  FLAG
2026-03-23 15:05:12  DEBUG     utils.df_to_gdb_table  Deleted existing table: C:\GIS\ParcelHistory.gdb\QA_Spatial_Completeness
2026-03-23 15:05:13  INFO      utils.df_to_gdb_table  Wrote 12 rows → C:\GIS\ParcelHistory.gdb\QA_Spatial_Completeness
2026-03-23 15:05:13  INFO      s06_qa  Step 6 complete.  QA tables written to C:\GIS\ParcelHistory.gdb
2026-03-23 15:05:14  INFO      main  ============================================================
2026-03-23 15:05:14  INFO      main  ETL complete  (21m 41s)
2026-03-23 15:05:14  INFO      main  ============================================================
